[20:24:00.534] Global cache location '/home/tony/.cache/typescript/4.2', safe file path '/home/tony/Documents/react/kadet-e-learning/node_modules/typescript/lib/typingSafeList.json', types map path /home/tony/Documents/react/kadet-e-learning/node_modules/typescript/lib/typesMap.json
[20:24:00.538] Processing cache location '/home/tony/.cache/typescript/4.2'
[20:24:00.539] Trying to find '/home/tony/.cache/typescript/4.2/package.json'...
[20:24:00.567] Loaded content of '/home/tony/.cache/typescript/4.2/package.json': {"private":true,"dependencies":{"types-registry":"^0.1.531"},"devDependencies":{"@types/accepts":"^1.3.5","@types/ajv-errors":"^1.0.3","@types/ansi-styles":"^3.2.1","@types/anymatch":"^1.3.1","@types/argparse":"^2.0.5","@types/aria-query":"^4.2.1","@types/arr-diff":"^4.0.0","@types/arr-union":"^3.1.0","@types/array-unique":"^0.3.0","@types/array.prototype.flat":"^1.2.1","@types/array.prototype.flatmap":"^1.2.2","@types/asap":"^2.0.0","@types/asn1":"^0.2.0","@types/assert":"^1.5.4","@types/assert-plus":"^1.0.4","@types/async":"^3.2.5","@types/atob":"^2.1.2","@types/aws4":"^1.5.1","@types/babel-plugin-macros":"^2.8.4","@types/babylon":"^6.16.5","@types/balanced-match":"^1.0.1","@types/big.js":"^6.0.2","@types/bluebird":"^3.5.33","@types/bn.js":"^5.1.0","@types/body-parser":"^1.19.0","@types/bonjour":"^3.5.8","@types/boolbase":"^1.0.0","@types/brace-expansion":"^1.1.0","@types/braces":"^3.0.0","@types/brorand":"^1.0.30","@types/bser":"^2.0.0","@types/buffer-from":"^1.1.0","@types/buffer-xor":"^2.0.0","@types/bytes":"^3.1.0","@types/cacache":"^15.0.0","@types/call-bind":"^1.0.0","@types/camelcase-css":"^2.0.0","@types/caniuse-api":"^3.0.1","@types/caniuse-lite":"^1.0.0","@types/case-sensitive-paths-webpack-plugin":"^2.1.4","@types/caseless":"^0.12.2","@types/check-types":"^7.3.1","@types/chownr":"^1.0.0","@types/ci-info":"^2.0.0","@types/cipher-base":"^1.0.0","@types/clean-css":"^4.2.3","@types/co":"^4.6.2","@types/color":"^3.0.1","@types/color-convert":"^2.0.0","@types/color-name":"^1.1.1","@types/color-string":"^1.5.0","@types/combined-stream":"^1.0.2","@types/common-tags":"^1.8.0","@types/commondir":"^1.0.0","@types/component-emitter":"^1.2.10","@types/compose-function":"^0.0.30","@types/compressible":"^2.0.0","@types/compression":"^1.7.0","@types/concat-map":"^0.0.0","@types/concat-stream":"^1.6.0","@types/confusing-browser-globals":"^1.0.0","@types/connect-history-api-fallback":"^1.3.3","@types/contains-path":"^1.0.0","@types/content-disposition":"^0.5.3","@types/content-type":"^1.1.3","@types/convert-source-map":"^1.5.1","@types/cookie":"^0.4.0","@types/cookie-signature":"^1.0.3","@types/core-js":"^2.5.4","@types/create-hash":"^1.2.2","@types/create-hmac":"^1.1.0","@types/cross-spawn":"^6.0.2","@types/css":"^0.0.31","@types/css-declaration-sorter":"^5.1.0","@types/css-tree":"^1.0.5","@types/cssesc":"^3.0.0","@types/cssnano":"^4.0.0","@types/csso":"^3.5.1","@types/cssom":"^0.4.1","@types/cssstyle":"^2.2.1","@types/d":"^1.0.0","@types/dashdash":"^1.14.0","@types/data-urls":"^2.0.0","@types/debug":"^4.1.5","@types/decode-uri-component":"^0.2.0","@types/dedent":"^0.7.0","@types/deep-equal":"^1.0.1","@types/default-gateway":"^3.0.1","@types/define-properties":"^1.1.3","@types/defined":"^1.0.0","@types/depd":"^1.1.32","@types/destroy":"^1.0.0","@types/detect-node":"^2.0.0","@types/detective":"^5.1.1","@types/didyoumean":"^1.2.0","@types/diffie-hellman":"^5.0.0","@types/dir-glob":"^2.0.0","@types/doctrine":"^0.0.3","@types/domexception":"^2.0.1","@types/domhandler":"^2.4.1","@types/domutils":"^1.7.3","@types/duplexify":"^3.6.0","@types/ee-first":"^1.1.0","@types/ejs":"^3.0.6","@types/elliptic":"^6.4.12","@types/encodeurl":"^1.0.0","@types/end-of-stream":"^1.4.0","@types/enhanced-resolve":"^3.0.6","@types/entities":"^1.1.1","@types/es-abstract":"^1.17.2","@types/es-to-primitive":"^1.2.4","@types/escape-html":"^1.0.0","@types/escodegen":"^0.0.6","@types/eslint":"^7.2.6","@types/eslint-scope":"^3.7.0","@types/eslint-visitor-keys":"^1.0.0","@types/esprima":"^4.0.2","@types/esquery":"^1.0.1","@types/estraverse":"^5.1.0","@types/etag":"^1.8.0","@types/events":"^3.0.0","@types/eventsource":"^1.1.5","@types/exit":"^0.1.31","@types/express":"^4.17.11","@types/extend":"^3.0.1","@types/extsprintf":"^1.4.1","@types/fast-levenshtein":"^0.0.1","@types/fb-watchman":"^2.0.0","@types/file-entry-cache":"^5.0.1","@types/file-loader":"^4.2.0","@types/finalhandler":"^1.1.0","@types/find-cache-dir":"^3.2.0","@types/flat-cache":"^2.0.0","@types/flush-write-stream":"^1.0.0","@types/follow-redirects":"^1.13.0","@types/forever-agent":"^0.6.0","@types/forwarded":"^0.1.0","@types/fresh":"^0.5.0","@types/from2":"^2.3.0","@types/fs-extra":"^9.0.8","@types/function-bind":"^1.1.6","@types/get-caller-file":"^1.0.0","@types/get-intrinsic":"^1.0.0","@types/get-value":"^3.0.1","@types/getpass":"^0.1.0","@types/glob":"^7.1.3","@types/glob-parent":"^5.1.0","@types/global-modules":"^2.0.0","@types/global-prefix":"^3.0.0","@types/graceful-fs":"^4.1.5","@types/has":"^1.0.0","@types/has-symbols":"^1.0.0","@types/he":"^1.1.1","@types/hex-color-regex":"^1.1.0","@types/hosted-git-info":"^3.0.1","@types/html-encoding-sniffer":"^2.0.1","@types/html-escaper":"^3.0.0","@types/html-minifier-terser":"^5.1.1","@types/htmlparser2":"^3.10.2","@types/http-errors":"^1.8.0","@types/http-proxy":"^1.17.5","@types/http-proxy-middleware":"^0.19.3","@types/icss-utils":"^4.1.0","@types/iferr":"^1.0.2","@types/imurmurhash":"^0.1.1","@types/inherits":"^0.0.30","@types/ini":"^1.3.30","@types/internal-slot":"^1.0.1","@types/ip":"^1.1.0","@types/is-arguments":"^1.0.0","@types/is-buffer":"^2.0.0","@types/is-callable":"^1.1.0","@types/is-ci":"^2.0.0","@types/is-core-module":"^2.2.0","@types/is-date-object":"^1.0.1","@types/is-glob":"^4.0.1","@types/is-number":"^7.0.1","@types/is-regex":"^1.0.0","@types/is-typedarray":"^1.0.0","@types/is-windows":"^1.0.0","@types/isarray":"^2.0.0","@types/isexe":"^2.0.0","@types/isstream":"^0.1.0","@types/istanbul-lib-coverage":"^2.0.3","@types/istanbul-lib-instrument":"^1.7.4","@types/istanbul-lib-report":"^3.0.0","@types/istanbul-lib-source-maps":"^4.0.1","@types/istanbul-reports":"^3.0.0","@types/js-yaml":"^4.0.0","@types/jsbn":"^1.2.29","@types/jsdom":"^16.2.6","@types/jsesc":"^2.5.1","@types/json-parse-better-errors":"^1.0.0","@types/json-schema":"^7.0.7","@types/json-stringify-safe":"^5.0.0","@types/json3":"^3.3.2","@types/jsonfile":"^6.0.0","@types/kind-of":"^6.0.0","@types/language-tags":"^1.0.0","@types/loader-runner":"^2.2.3","@types/loader-utils":"^2.0.1","@types/lodash":"^4.14.168","@types/lodash.memoize":"^4.1.6","@types/lodash.sortby":"^4.7.6","@types/lodash.template":"^4.5.0","@types/lodash.toarray":"^4.4.6","@types/lodash.uniq":"^4.5.6","@types/lru-cache":"^5.1.0","@types/lz-string":"^1.3.34","@types/media-typer":"^1.1.0","@types/memory-fs":"^0.3.2","@types/merge-descriptors":"^1.0.1","@types/merge-stream":"^1.1.2","@types/merge2":"^1.3.0","@types/methods":"^1.1.1","@types/micromatch":"^4.0.1","@types/mime":"^2.0.3","@types/mime-db":"^1.43.0","@types/mime-types":"^2.1.0","@types/min-indent":"^1.0.0","@types/mini-css-extract-plugin":"^1.2.2","@types/minimalistic-assert":"^1.0.1","@types/minimatch":"^3.0.3","@types/minimist":"^1.2.1","@types/minipass":"^2.2.0","@types/minizlib":"^2.1.0","@types/mkdirp":"^1.0.1","@types/move-concurrently":"^1.0.2","@types/ms":"^0.7.31","@types/natural-compare":"^1.4.0","@types/negotiator":"^0.6.1","@types/next-tick":"^1.0.0","@types/nice-try":"^2.1.0","@types/node":"^14.14.31","@types/node-emoji":"^1.8.1","@types/node-forge":"^0.9.7","@types/node-int64":"^0.4.29","@types/node-notifier":"^8.0.0","@types/normalize-package-data":"^2.4.0","@types/normalize-path":"^3.0.0","@types/num2fraction":"^1.2.0","@types/object-assign":"^4.0.30","@types/object-hash":"^1.3.4","@types/object-inspect":"^1.8.0","@types/object-keys":"^1.0.1","@types/object.fromentries":"^2.0.0","@types/object.getownpropertydescriptors":"^2.1.1","@types/object.pick":"^1.3.0","@types/on-finished":"^2.3.1","@types/on-headers":"^1.0.0","@types/once":"^1.4.0","@types/optimize-css-assets-webpack-plugin":"^5.0.2","@types/original":"^1.0.0","@types/pako":"^1.0.1","@types/parallel-transform":"^1.1.0","@types/parse-json":"^4.0.0","@types/parse5":"^6.0.0","@types/parseurl":"^1.3.1","@types/pascalcase":"^1.0.0","@types/path-is-absolute":"^1.0.0","@types/path-is-inside":"^1.0.0","@types/path-parse":"^1.0.19","@types/pbkdf2":"^3.1.0","@types/picomatch":"^2.2.1","@types/pify":"^5.0.0","@types/postcss-calc":"^7.0.0","@types/postcss-custom-properties":"^9.1.0","@types/postcss-flexbugs-fixes":"^4.2.0","@types/postcss-focus-within":"^4.0.0","@types/postcss-gap-properties":"^2.0.0","@types/postcss-load-config":"^2.0.1","@types/postcss-modules-extract-imports":"^2.0.0","@types/postcss-modules-local-by-default":"^1.2.0","@types/postcss-modules-scope":"^1.1.0","@types/postcss-modules-values":"^3.0.0","@types/postcss-normalize":"^9.0.0","@types/postcss-preset-env":"^6.7.1","@types/postcss-safe-parser":"^4.0.0","@types/prelude-ls":"^1.1.29","@types/pretty-hrtime":"^1.0.0","@types/progress":"^2.0.3","@types/promise-inflight":"^1.0.0","@types/prompts":"^2.0.9","@types/prop-types":"^15.7.3","@types/proxy-addr":"^2.0.0","@types/psl":"^1.1.0","@types/pump":"^1.1.1","@types/pumpify":"^1.4.1","@types/punycode":"^2.1.0","@types/q":"^1.5.4","@types/qs":"^6.9.5","@types/querystringify":"^2.0.0","@types/raf":"^3.4.0","@types/randombytes":"^2.0.0","@types/range-parser":"^1.2.3","@types/react":"^17.0.2","@types/react-dev-utils":"^9.0.4","@types/react-dom":"^17.0.1","@types/react-is":"^17.0.0","@types/readable-stream":"^2.3.9","@types/recursive-readdir":"^2.2.0","@types/regenerator-runtime":"^0.13.0","@types/relateurl":"^0.2.28","@types/repeat-element":"^1.1.0","@types/repeat-string":"^1.6.0","@types/request":"^2.48.5","@types/request-promise-native":"^1.0.17","@types/require-directory":"^2.1.1","@types/require-from-string":"^1.2.0","@types/requires-port":"^1.0.0","@types/resolve":"^1.20.0","@types/retry":"^0.12.0","@types/rimraf":"^3.0.0","@types/ripemd160":"^2.0.0","@types/rsvp":"^4.0.3","@types/run-parallel":"^1.1.0","@types/safe-regex":"^1.1.2","@types/safer-buffer":"^2.1.0","@types/sane":"^2.0.0","@types/sass-loader":"^8.0.0","@types/sax":"^1.2.1","@types/scheduler":"^0.16.1","@types/semver":"^7.3.4","@types/send":"^0.14.6","@types/serialize-javascript":"^5.0.0","@types/serve-index":"^1.7.30","@types/serve-static":"^1.13.9","@types/set-value":"^2.0.0","@types/setimmediate":"^1.0.2","@types/sha.js":"^2.4.0","@types/shebang-command":"^1.2.0","@types/shell-quote":"^1.7.0","@types/signal-exit":"^3.0.0","@types/slice-ansi":"^4.0.0","@types/sockjs":"^0.3.32","@types/sockjs-client":"^1.5.0","@types/source-list-map":"^0.1.2","@types/source-map-support":"^0.5.3","@types/spdx-correct":"^2.0.0","@types/spdx-expression-parse":"^3.0.0","@types/spdy":"^3.4.4","@types/sprintf":"^0.1.0","@types/sprintf-js":"^1.1.2","@types/sshpk":"^1.10.5","@types/ssri":"^7.1.0","@types/stack-utils":"^2.0.0","@types/statuses":"^2.0.0","@types/stream-each":"^1.2.0","@types/stream-shift":"^1.0.0","@types/strict-uri-encode":"^2.0.0","@types/string-natural-compare":"^3.0.0","@types/string.prototype.matchall":"^4.0.0","@types/stringify-object":"^3.3.0","@types/strip-comments":"^2.0.0","@types/supports-color":"^7.2.0","@types/svg-parser":"^2.0.1","@types/svgo":"^1.3.4","@types/symbol-tree":"^3.2.1","@types/table":"^6.0.0","@types/tapable":"^1.0.6","@types/tar":"^4.0.4","@types/terser-webpack-plugin":"^5.0.2","@types/testing-library__jest-dom":"^5.9.5","@types/text-table":"^0.2.1","@types/through2":"^2.0.36","@types/timsort":"^0.3.0","@types/tough-cookie":"^4.0.0","@types/tryer":"^1.0.1","@types/type-check":"^0.3.27","@types/type-detect":"^4.0.1","@types/type-is":"^1.6.3","@types/uniq":"^0.0.27","@types/universalify":"^1.0.0","@types/urix":"^0.1.0","@types/url-parse":"^1.4.3","@types/util-deprecate":"^1.0.0","@types/util.promisify":"^1.0.4","@types/utils-merge":"^0.0.28","@types/uuid":"^8.3.0","@types/validate-npm-package-license":"^3.0.0","@types/vary":"^1.1.0","@types/verror":"^1.10.4","@types/w3c-xmlserializer":"^2.0.1","@types/watchpack":"^1.1.6","@types/webidl-conversions":"^6.1.0","@types/webpack":"^4.41.26","@types/webpack-dev-middleware":"^4.1.0","@types/webpack-dev-server":"^3.11.1","@types/webpack-manifest-plugin":"^3.0.3","@types/webpack-merge":"^4.1.5","@types/webpack-sources":"^2.1.0","@types/whatwg-encoding":"^1.0.0","@types/whatwg-mimetype":"^2.1.0","@types/whatwg-url":"^8.0.0","@types/which":"^2.0.0","@types/workbox-build":"^5.0.0","@types/workbox-sw":"^4.3.1","@types/workbox-webpack-plugin":"^5.1.5","@types/wrap-ansi":"^3.0.0","@types/write-file-atomic":"^3.0.1","@types/ws":"^7.4.0","@types/xtend":"^4.0.3","@types/y18n":"^4.0.0","@types/yallist":"^3.0.1","@types/yargs":"^16.0.0","@types/yargs-parser":"^20.2.0"}}
[20:24:00.567] Loaded content of '/home/tony/.cache/typescript/4.2/package-lock.json'
[20:24:00.624] Adding entry into typings cache: 'accepts' => '/home/tony/.cache/typescript/4.2/node_modules/@types/accepts/index.d.ts'
[20:24:00.636] Adding entry into typings cache: 'ajv-errors' => '/home/tony/.cache/typescript/4.2/node_modules/@types/ajv-errors/index.d.ts'
[20:24:00.658] Adding entry into typings cache: 'ansi-styles' => '/home/tony/.cache/typescript/4.2/node_modules/ansi-styles/index.d.ts'
[20:24:00.680] Adding entry into typings cache: 'anymatch' => '/home/tony/.cache/typescript/4.2/node_modules/@types/anymatch/index.d.ts'
[20:24:00.691] Adding entry into typings cache: 'argparse' => '/home/tony/.cache/typescript/4.2/node_modules/@types/argparse/index.d.ts'
[20:24:00.700] Adding entry into typings cache: 'aria-query' => '/home/tony/.cache/typescript/4.2/node_modules/@types/aria-query/index.d.ts'
[20:24:00.724] Adding entry into typings cache: 'arr-diff' => '/home/tony/.cache/typescript/4.2/node_modules/@types/arr-diff/index.d.ts'
[20:24:00.757] Adding entry into typings cache: 'arr-union' => '/home/tony/.cache/typescript/4.2/node_modules/@types/arr-union/index.d.ts'
[20:24:00.777] Adding entry into typings cache: 'array-unique' => '/home/tony/.cache/typescript/4.2/node_modules/@types/array-unique/index.d.ts'
[20:24:00.783] Adding entry into typings cache: 'array.prototype.flat' => '/home/tony/.cache/typescript/4.2/node_modules/@types/array.prototype.flat/index.d.ts'
[20:24:00.791] Adding entry into typings cache: 'array.prototype.flatmap' => '/home/tony/.cache/typescript/4.2/node_modules/@types/array.prototype.flatmap/index.d.ts'
[20:24:00.796] Adding entry into typings cache: 'asap' => '/home/tony/.cache/typescript/4.2/node_modules/@types/asap/index.d.ts'
[20:24:00.803] Adding entry into typings cache: 'asn1' => '/home/tony/.cache/typescript/4.2/node_modules/@types/asn1/index.d.ts'
[20:24:00.825] Adding entry into typings cache: 'assert' => '/home/tony/.cache/typescript/4.2/node_modules/@types/assert/index.d.ts'
[20:24:00.855] Adding entry into typings cache: 'assert-plus' => '/home/tony/.cache/typescript/4.2/node_modules/@types/assert-plus/index.d.ts'
[20:24:00.864] Adding entry into typings cache: 'async' => '/home/tony/.cache/typescript/4.2/node_modules/@types/async/index.d.ts'
[20:24:00.875] Adding entry into typings cache: 'atob' => '/home/tony/.cache/typescript/4.2/node_modules/@types/atob/index.d.ts'
[20:24:00.882] Adding entry into typings cache: 'aws4' => '/home/tony/.cache/typescript/4.2/node_modules/@types/aws4/index.d.ts'
[20:24:00.891] Adding entry into typings cache: 'babel-plugin-macros' => '/home/tony/.cache/typescript/4.2/node_modules/@types/babel-plugin-macros/index.d.ts'
[20:24:00.903] Adding entry into typings cache: 'babylon' => '/home/tony/.cache/typescript/4.2/node_modules/@types/babylon/index.d.ts'
[20:24:00.912] Adding entry into typings cache: 'balanced-match' => '/home/tony/.cache/typescript/4.2/node_modules/@types/balanced-match/index.d.ts'
[20:24:00.922] Adding entry into typings cache: 'big.js' => '/home/tony/.cache/typescript/4.2/node_modules/@types/big.js/index.d.ts'
[20:24:00.928] Adding entry into typings cache: 'bluebird' => '/home/tony/.cache/typescript/4.2/node_modules/@types/bluebird/index.d.ts'
[20:24:00.945] Adding entry into typings cache: 'bn.js' => '/home/tony/.cache/typescript/4.2/node_modules/@types/bn.js/index.d.ts'
[20:24:00.953] Adding entry into typings cache: 'body-parser' => '/home/tony/.cache/typescript/4.2/node_modules/@types/body-parser/index.d.ts'
[20:24:00.961] Adding entry into typings cache: 'bonjour' => '/home/tony/.cache/typescript/4.2/node_modules/@types/bonjour/index.d.ts'
[20:24:00.965] Adding entry into typings cache: 'boolbase' => '/home/tony/.cache/typescript/4.2/node_modules/@types/boolbase/index.d.ts'
[20:24:00.972] Adding entry into typings cache: 'brace-expansion' => '/home/tony/.cache/typescript/4.2/node_modules/@types/brace-expansion/index.d.ts'
[20:24:01.002] Adding entry into typings cache: 'braces' => '/home/tony/.cache/typescript/4.2/node_modules/@types/braces/index.d.ts'
[20:24:01.004] Adding entry into typings cache: 'brorand' => '/home/tony/.cache/typescript/4.2/node_modules/@types/brorand/index.d.ts'
[20:24:01.008] Adding entry into typings cache: 'bser' => '/home/tony/.cache/typescript/4.2/node_modules/@types/bser/index.d.ts'
[20:24:01.017] Adding entry into typings cache: 'buffer-from' => '/home/tony/.cache/typescript/4.2/node_modules/@types/buffer-from/index.d.ts'
[20:24:01.020] Adding entry into typings cache: 'buffer-xor' => '/home/tony/.cache/typescript/4.2/node_modules/@types/buffer-xor/index.d.ts'
[20:24:01.023] Adding entry into typings cache: 'bytes' => '/home/tony/.cache/typescript/4.2/node_modules/@types/bytes/index.d.ts'
[20:24:01.026] Adding entry into typings cache: 'cacache' => '/home/tony/.cache/typescript/4.2/node_modules/@types/cacache/index.d.ts'
[20:24:01.041] Adding entry into typings cache: 'call-bind' => '/home/tony/.cache/typescript/4.2/node_modules/@types/call-bind/index.d.ts'
[20:24:01.050] Adding entry into typings cache: 'camelcase-css' => '/home/tony/.cache/typescript/4.2/node_modules/@types/camelcase-css/index.d.ts'
[20:24:01.053] Adding entry into typings cache: 'caniuse-api' => '/home/tony/.cache/typescript/4.2/node_modules/@types/caniuse-api/index.d.ts'
[20:24:01.060] Adding entry into typings cache: 'caniuse-lite' => '/home/tony/.cache/typescript/4.2/node_modules/@types/caniuse-lite/index.d.ts'
[20:24:01.063] Adding entry into typings cache: 'case-sensitive-paths-webpack-plugin' => '/home/tony/.cache/typescript/4.2/node_modules/@types/case-sensitive-paths-webpack-plugin/index.d.ts'
[20:24:01.066] Adding entry into typings cache: 'caseless' => '/home/tony/.cache/typescript/4.2/node_modules/@types/caseless/index.d.ts'
[20:24:01.070] Adding entry into typings cache: 'check-types' => '/home/tony/.cache/typescript/4.2/node_modules/@types/check-types/index.d.ts'
[20:24:01.072] Adding entry into typings cache: 'chownr' => '/home/tony/.cache/typescript/4.2/node_modules/@types/chownr/index.d.ts'
[20:24:01.076] Adding entry into typings cache: 'ci-info' => '/home/tony/.cache/typescript/4.2/node_modules/@types/ci-info/index.d.ts'
[20:24:01.079] Adding entry into typings cache: 'cipher-base' => '/home/tony/.cache/typescript/4.2/node_modules/@types/cipher-base/index.d.ts'
[20:24:01.083] Adding entry into typings cache: 'clean-css' => '/home/tony/.cache/typescript/4.2/node_modules/@types/clean-css/index.d.ts'
[20:24:01.086] Adding entry into typings cache: 'co' => '/home/tony/.cache/typescript/4.2/node_modules/@types/co/index.d.ts'
[20:24:01.089] Adding entry into typings cache: 'color' => '/home/tony/.cache/typescript/4.2/node_modules/@types/color/index.d.ts'
[20:24:01.097] Adding entry into typings cache: 'color-convert' => '/home/tony/.cache/typescript/4.2/node_modules/@types/color-convert/index.d.ts'
[20:24:01.103] Adding entry into typings cache: 'color-name' => '/home/tony/.cache/typescript/4.2/node_modules/@types/color-name/index.d.ts'
[20:24:01.106] Adding entry into typings cache: 'color-string' => '/home/tony/.cache/typescript/4.2/node_modules/@types/color-string/index.d.ts'
[20:24:01.113] Adding entry into typings cache: 'combined-stream' => '/home/tony/.cache/typescript/4.2/node_modules/@types/combined-stream/index.d.ts'
[20:24:01.117] Adding entry into typings cache: 'common-tags' => '/home/tony/.cache/typescript/4.2/node_modules/@types/common-tags/index.d.ts'
[20:24:01.120] Adding entry into typings cache: 'commondir' => '/home/tony/.cache/typescript/4.2/node_modules/@types/commondir/index.d.ts'
[20:24:01.126] Adding entry into typings cache: 'component-emitter' => '/home/tony/.cache/typescript/4.2/node_modules/@types/component-emitter/index.d.ts'
[20:24:01.129] Adding entry into typings cache: 'compose-function' => '/home/tony/.cache/typescript/4.2/node_modules/@types/compose-function/index.d.ts'
[20:24:01.143] Adding entry into typings cache: 'compressible' => '/home/tony/.cache/typescript/4.2/node_modules/@types/compressible/index.d.ts'
[20:24:01.155] Adding entry into typings cache: 'compression' => '/home/tony/.cache/typescript/4.2/node_modules/@types/compression/index.d.ts'
[20:24:01.163] Adding entry into typings cache: 'concat-map' => '/home/tony/.cache/typescript/4.2/node_modules/@types/concat-map/index.d.ts'
[20:24:01.178] Adding entry into typings cache: 'concat-stream' => '/home/tony/.cache/typescript/4.2/node_modules/@types/concat-stream/index.d.ts'
[20:24:01.182] Adding entry into typings cache: 'confusing-browser-globals' => '/home/tony/.cache/typescript/4.2/node_modules/@types/confusing-browser-globals/index.d.ts'
[20:24:01.187] Adding entry into typings cache: 'connect-history-api-fallback' => '/home/tony/.cache/typescript/4.2/node_modules/@types/connect-history-api-fallback/index.d.ts'
[20:24:01.200] Adding entry into typings cache: 'contains-path' => '/home/tony/.cache/typescript/4.2/node_modules/@types/contains-path/index.d.ts'
[20:24:01.229] Adding entry into typings cache: 'content-disposition' => '/home/tony/.cache/typescript/4.2/node_modules/@types/content-disposition/index.d.ts'
[20:24:01.240] Adding entry into typings cache: 'content-type' => '/home/tony/.cache/typescript/4.2/node_modules/@types/content-type/index.d.ts'
[20:24:01.246] Adding entry into typings cache: 'convert-source-map' => '/home/tony/.cache/typescript/4.2/node_modules/@types/convert-source-map/index.d.ts'
[20:24:01.258] Adding entry into typings cache: 'cookie' => '/home/tony/.cache/typescript/4.2/node_modules/@types/cookie/index.d.ts'
[20:24:01.265] Adding entry into typings cache: 'cookie-signature' => '/home/tony/.cache/typescript/4.2/node_modules/@types/cookie-signature/index.d.ts'
[20:24:01.272] Adding entry into typings cache: 'core-js' => '/home/tony/.cache/typescript/4.2/node_modules/@types/core-js/index.d.ts'
[20:24:01.280] Adding entry into typings cache: 'create-hash' => '/home/tony/.cache/typescript/4.2/node_modules/@types/create-hash/index.d.ts'
[20:24:01.288] Adding entry into typings cache: 'create-hmac' => '/home/tony/.cache/typescript/4.2/node_modules/@types/create-hmac/index.d.ts'
[20:24:01.295] Adding entry into typings cache: 'cross-spawn' => '/home/tony/.cache/typescript/4.2/node_modules/@types/cross-spawn/index.d.ts'
[20:24:01.301] Adding entry into typings cache: 'css' => '/home/tony/.cache/typescript/4.2/node_modules/@types/css/index.d.ts'
[20:24:01.313] Adding entry into typings cache: 'css-declaration-sorter' => '/home/tony/.cache/typescript/4.2/node_modules/@types/css-declaration-sorter/index.d.ts'
[20:24:01.331] Adding entry into typings cache: 'css-tree' => '/home/tony/.cache/typescript/4.2/node_modules/@types/css-tree/index.d.ts'
[20:24:01.338] Adding entry into typings cache: 'cssesc' => '/home/tony/.cache/typescript/4.2/node_modules/@types/cssesc/index.d.ts'
[20:24:01.345] Adding entry into typings cache: 'cssnano' => '/home/tony/.cache/typescript/4.2/node_modules/@types/cssnano/index.d.ts'
[20:24:01.352] Adding entry into typings cache: 'csso' => '/home/tony/.cache/typescript/4.2/node_modules/@types/csso/index.d.ts'
[20:24:01.360] Adding entry into typings cache: 'cssom' => '/home/tony/.cache/typescript/4.2/node_modules/@types/cssom/index.d.ts'
[20:24:01.368] Adding entry into typings cache: 'cssstyle' => '/home/tony/.cache/typescript/4.2/node_modules/@types/cssstyle/index.d.ts'
[20:24:01.379] Adding entry into typings cache: 'd' => '/home/tony/.cache/typescript/4.2/node_modules/@types/d/index.d.ts'
[20:24:01.391] Adding entry into typings cache: 'dashdash' => '/home/tony/.cache/typescript/4.2/node_modules/@types/dashdash/index.d.ts'
[20:24:01.398] Adding entry into typings cache: 'data-urls' => '/home/tony/.cache/typescript/4.2/node_modules/@types/data-urls/index.d.ts'
[20:24:01.418] Adding entry into typings cache: 'debug' => '/home/tony/.cache/typescript/4.2/node_modules/@types/debug/index.d.ts'
[20:24:01.438] Adding entry into typings cache: 'decode-uri-component' => '/home/tony/.cache/typescript/4.2/node_modules/@types/decode-uri-component/index.d.ts'
[20:24:01.448] Adding entry into typings cache: 'dedent' => '/home/tony/.cache/typescript/4.2/node_modules/@types/dedent/index.d.ts'
[20:24:01.457] Adding entry into typings cache: 'deep-equal' => '/home/tony/.cache/typescript/4.2/node_modules/@types/deep-equal/index.d.ts'
[20:24:01.468] Adding entry into typings cache: 'default-gateway' => '/home/tony/.cache/typescript/4.2/node_modules/@types/default-gateway/index.d.ts'
[20:24:01.480] Adding entry into typings cache: 'define-properties' => '/home/tony/.cache/typescript/4.2/node_modules/@types/define-properties/index.d.ts'
[20:24:01.491] Adding entry into typings cache: 'defined' => '/home/tony/.cache/typescript/4.2/node_modules/@types/defined/index.d.ts'
[20:24:01.498] Adding entry into typings cache: 'depd' => '/home/tony/.cache/typescript/4.2/node_modules/@types/depd/index.d.ts'
[20:24:01.511] Adding entry into typings cache: 'destroy' => '/home/tony/.cache/typescript/4.2/node_modules/@types/destroy/index.d.ts'
[20:24:01.513] Adding entry into typings cache: 'detect-node' => '/home/tony/.cache/typescript/4.2/node_modules/@types/detect-node/index.d.ts'
[20:24:01.518] Adding entry into typings cache: 'detective' => '/home/tony/.cache/typescript/4.2/node_modules/@types/detective/index.d.ts'
[20:24:01.520] Adding entry into typings cache: 'didyoumean' => '/home/tony/.cache/typescript/4.2/node_modules/@types/didyoumean/index.d.ts'
[20:24:01.531] Adding entry into typings cache: 'diffie-hellman' => '/home/tony/.cache/typescript/4.2/node_modules/@types/diffie-hellman/index.d.ts'
[20:24:01.534] Adding entry into typings cache: 'dir-glob' => '/home/tony/.cache/typescript/4.2/node_modules/@types/dir-glob/index.d.ts'
[20:24:01.536] Adding entry into typings cache: 'doctrine' => '/home/tony/.cache/typescript/4.2/node_modules/@types/doctrine/index.d.ts'
[20:24:01.538] Adding entry into typings cache: 'domexception' => '/home/tony/.cache/typescript/4.2/node_modules/@types/domexception/index.d.ts'
[20:24:01.548] Adding entry into typings cache: 'domhandler' => '/home/tony/.cache/typescript/4.2/node_modules/@types/domhandler/index.d.ts'
[20:24:01.554] Adding entry into typings cache: 'domutils' => '/home/tony/.cache/typescript/4.2/node_modules/@types/domutils/index.d.ts'
[20:24:01.557] Adding entry into typings cache: 'duplexify' => '/home/tony/.cache/typescript/4.2/node_modules/@types/duplexify/index.d.ts'
[20:24:01.568] Adding entry into typings cache: 'ee-first' => '/home/tony/.cache/typescript/4.2/node_modules/@types/ee-first/index.d.ts'
[20:24:01.570] Adding entry into typings cache: 'ejs' => '/home/tony/.cache/typescript/4.2/node_modules/@types/ejs/index.d.ts'
[20:24:01.573] Adding entry into typings cache: 'elliptic' => '/home/tony/.cache/typescript/4.2/node_modules/@types/elliptic/index.d.ts'
[20:24:01.581] Adding entry into typings cache: 'encodeurl' => '/home/tony/.cache/typescript/4.2/node_modules/@types/encodeurl/index.d.ts'
[20:24:01.594] Adding entry into typings cache: 'end-of-stream' => '/home/tony/.cache/typescript/4.2/node_modules/@types/end-of-stream/index.d.ts'
[20:24:01.604] Adding entry into typings cache: 'enhanced-resolve' => '/home/tony/.cache/typescript/4.2/node_modules/enhanced-resolve/types.d.ts'
[20:24:01.624] Adding entry into typings cache: 'entities' => '/home/tony/.cache/typescript/4.2/node_modules/@types/entities/index.d.ts'
[20:24:01.632] Adding entry into typings cache: 'es-abstract' => '/home/tony/.cache/typescript/4.2/node_modules/@types/es-abstract/index.d.ts'
[20:24:01.643] Adding entry into typings cache: 'es-to-primitive' => '/home/tony/.cache/typescript/4.2/node_modules/@types/es-to-primitive/index.d.ts'
[20:24:01.654] Adding entry into typings cache: 'escape-html' => '/home/tony/.cache/typescript/4.2/node_modules/@types/escape-html/index.d.ts'
[20:24:01.663] Adding entry into typings cache: 'escodegen' => '/home/tony/.cache/typescript/4.2/node_modules/@types/escodegen/index.d.ts'
[20:24:01.675] Adding entry into typings cache: 'eslint' => '/home/tony/.cache/typescript/4.2/node_modules/@types/eslint/index.d.ts'
[20:24:01.709] Adding entry into typings cache: 'eslint-scope' => '/home/tony/.cache/typescript/4.2/node_modules/@types/eslint-scope/index.d.ts'
[20:24:01.714] Adding entry into typings cache: 'eslint-visitor-keys' => '/home/tony/.cache/typescript/4.2/node_modules/@types/eslint-visitor-keys/index.d.ts'
[20:24:01.724] Adding entry into typings cache: 'esprima' => '/home/tony/.cache/typescript/4.2/node_modules/@types/esprima/index.d.ts'
[20:24:01.731] Adding entry into typings cache: 'esquery' => '/home/tony/.cache/typescript/4.2/node_modules/@types/esquery/index.d.ts'
[20:24:01.743] Adding entry into typings cache: 'estraverse' => '/home/tony/.cache/typescript/4.2/node_modules/@types/estraverse/index.d.ts'
[20:24:01.751] Adding entry into typings cache: 'etag' => '/home/tony/.cache/typescript/4.2/node_modules/@types/etag/index.d.ts'
[20:24:01.765] Adding entry into typings cache: 'events' => '/home/tony/.cache/typescript/4.2/node_modules/@types/events/index.d.ts'
[20:24:01.776] Adding entry into typings cache: 'eventsource' => '/home/tony/.cache/typescript/4.2/node_modules/@types/eventsource/index.d.ts'
[20:24:01.788] Adding entry into typings cache: 'exit' => '/home/tony/.cache/typescript/4.2/node_modules/@types/exit/index.d.ts'
[20:24:01.795] Adding entry into typings cache: 'express' => '/home/tony/.cache/typescript/4.2/node_modules/@types/express/index.d.ts'
[20:24:01.807] Adding entry into typings cache: 'extend' => '/home/tony/.cache/typescript/4.2/node_modules/@types/extend/index.d.ts'
[20:24:01.818] Adding entry into typings cache: 'extsprintf' => '/home/tony/.cache/typescript/4.2/node_modules/@types/extsprintf/index.d.ts'
[20:24:01.824] Adding entry into typings cache: 'fast-levenshtein' => '/home/tony/.cache/typescript/4.2/node_modules/@types/fast-levenshtein/index.d.ts'
[20:24:01.831] Adding entry into typings cache: 'fb-watchman' => '/home/tony/.cache/typescript/4.2/node_modules/@types/fb-watchman/index.d.ts'
[20:24:01.838] Adding entry into typings cache: 'file-entry-cache' => '/home/tony/.cache/typescript/4.2/node_modules/@types/file-entry-cache/index.d.ts'
[20:24:01.844] Adding entry into typings cache: 'file-loader' => '/home/tony/.cache/typescript/4.2/node_modules/@types/file-loader/index.d.ts'
[20:24:01.849] Adding entry into typings cache: 'finalhandler' => '/home/tony/.cache/typescript/4.2/node_modules/@types/finalhandler/index.d.ts'
[20:24:01.854] Adding entry into typings cache: 'find-cache-dir' => '/home/tony/.cache/typescript/4.2/node_modules/@types/find-cache-dir/index.d.ts'
[20:24:01.861] Adding entry into typings cache: 'flat-cache' => '/home/tony/.cache/typescript/4.2/node_modules/@types/flat-cache/index.d.ts'
[20:24:01.870] Adding entry into typings cache: 'flush-write-stream' => '/home/tony/.cache/typescript/4.2/node_modules/@types/flush-write-stream/index.d.ts'
[20:24:01.879] Adding entry into typings cache: 'follow-redirects' => '/home/tony/.cache/typescript/4.2/node_modules/@types/follow-redirects/index.d.ts'
[20:24:01.887] Adding entry into typings cache: 'forever-agent' => '/home/tony/.cache/typescript/4.2/node_modules/@types/forever-agent/index.d.ts'
[20:24:01.894] Adding entry into typings cache: 'forwarded' => '/home/tony/.cache/typescript/4.2/node_modules/@types/forwarded/index.d.ts'
[20:24:01.901] Adding entry into typings cache: 'fresh' => '/home/tony/.cache/typescript/4.2/node_modules/@types/fresh/index.d.ts'
[20:24:01.907] Adding entry into typings cache: 'from2' => '/home/tony/.cache/typescript/4.2/node_modules/@types/from2/index.d.ts'
[20:24:01.913] Adding entry into typings cache: 'fs-extra' => '/home/tony/.cache/typescript/4.2/node_modules/@types/fs-extra/index.d.ts'
[20:24:01.921] Adding entry into typings cache: 'function-bind' => '/home/tony/.cache/typescript/4.2/node_modules/@types/function-bind/index.d.ts'
[20:24:01.931] Adding entry into typings cache: 'get-caller-file' => '/home/tony/.cache/typescript/4.2/node_modules/@types/get-caller-file/index.d.ts'
[20:24:01.937] Adding entry into typings cache: 'get-intrinsic' => '/home/tony/.cache/typescript/4.2/node_modules/@types/get-intrinsic/index.d.ts'
[20:24:01.951] Adding entry into typings cache: 'get-value' => '/home/tony/.cache/typescript/4.2/node_modules/@types/get-value/index.d.ts'
[20:24:01.957] Adding entry into typings cache: 'getpass' => '/home/tony/.cache/typescript/4.2/node_modules/@types/getpass/index.d.ts'
[20:24:01.965] Adding entry into typings cache: 'glob' => '/home/tony/.cache/typescript/4.2/node_modules/@types/glob/index.d.ts'
[20:24:01.987] Adding entry into typings cache: 'glob-parent' => '/home/tony/.cache/typescript/4.2/node_modules/@types/glob-parent/index.d.ts'
[20:24:01.994] Adding entry into typings cache: 'global-modules' => '/home/tony/.cache/typescript/4.2/node_modules/@types/global-modules/index.d.ts'
[20:24:02.004] Adding entry into typings cache: 'global-prefix' => '/home/tony/.cache/typescript/4.2/node_modules/@types/global-prefix/index.d.ts'
[20:24:02.024] Adding entry into typings cache: 'graceful-fs' => '/home/tony/.cache/typescript/4.2/node_modules/@types/graceful-fs/index.d.ts'
[20:24:02.034] Adding entry into typings cache: 'has' => '/home/tony/.cache/typescript/4.2/node_modules/@types/has/index.d.ts'
[20:24:02.047] Adding entry into typings cache: 'has-symbols' => '/home/tony/.cache/typescript/4.2/node_modules/@types/has-symbols/index.d.ts'
[20:24:02.057] Adding entry into typings cache: 'he' => '/home/tony/.cache/typescript/4.2/node_modules/@types/he/index.d.ts'
[20:24:02.067] Adding entry into typings cache: 'hex-color-regex' => '/home/tony/.cache/typescript/4.2/node_modules/@types/hex-color-regex/index.d.ts'
[20:24:02.077] Adding entry into typings cache: 'hosted-git-info' => '/home/tony/.cache/typescript/4.2/node_modules/@types/hosted-git-info/index.d.ts'
[20:24:02.087] Adding entry into typings cache: 'html-encoding-sniffer' => '/home/tony/.cache/typescript/4.2/node_modules/@types/html-encoding-sniffer/index.d.ts'
[20:24:02.097] Adding entry into typings cache: 'html-escaper' => '/home/tony/.cache/typescript/4.2/node_modules/@types/html-escaper/index.d.ts'
[20:24:02.107] Adding entry into typings cache: 'html-minifier-terser' => '/home/tony/.cache/typescript/4.2/node_modules/@types/html-minifier-terser/index.d.ts'
[20:24:02.117] Adding entry into typings cache: 'htmlparser2' => '/home/tony/.cache/typescript/4.2/node_modules/@types/htmlparser2/index.d.ts'
[20:24:02.125] Adding entry into typings cache: 'http-errors' => '/home/tony/.cache/typescript/4.2/node_modules/@types/http-errors/index.d.ts'
[20:24:02.131] Adding entry into typings cache: 'http-proxy' => '/home/tony/.cache/typescript/4.2/node_modules/@types/http-proxy/index.d.ts'
[20:24:02.138] Adding entry into typings cache: 'http-proxy-middleware' => '/home/tony/.cache/typescript/4.2/node_modules/@types/http-proxy-middleware/index.d.ts'
[20:24:02.141] Adding entry into typings cache: 'icss-utils' => '/home/tony/.cache/typescript/4.2/node_modules/@types/icss-utils/index.d.ts'
[20:24:02.147] Adding entry into typings cache: 'iferr' => '/home/tony/.cache/typescript/4.2/node_modules/@types/iferr/index.d.ts'
[20:24:02.154] Adding entry into typings cache: 'imurmurhash' => '/home/tony/.cache/typescript/4.2/node_modules/@types/imurmurhash/index.d.ts'
[20:24:02.172] Adding entry into typings cache: 'inherits' => '/home/tony/.cache/typescript/4.2/node_modules/@types/inherits/index.d.ts'
[20:24:02.180] Adding entry into typings cache: 'ini' => '/home/tony/.cache/typescript/4.2/node_modules/@types/ini/index.d.ts'
[20:24:02.190] Adding entry into typings cache: 'internal-slot' => '/home/tony/.cache/typescript/4.2/node_modules/@types/internal-slot/index.d.ts'
[20:24:02.204] Adding entry into typings cache: 'ip' => '/home/tony/.cache/typescript/4.2/node_modules/@types/ip/index.d.ts'
[20:24:02.212] Adding entry into typings cache: 'is-arguments' => '/home/tony/.cache/typescript/4.2/node_modules/@types/is-arguments/index.d.ts'
[20:24:02.230] Adding entry into typings cache: 'is-buffer' => '/home/tony/.cache/typescript/4.2/node_modules/@types/is-buffer/index.d.ts'
[20:24:02.237] Adding entry into typings cache: 'is-callable' => '/home/tony/.cache/typescript/4.2/node_modules/@types/is-callable/index.d.ts'
[20:24:02.244] Adding entry into typings cache: 'is-ci' => '/home/tony/.cache/typescript/4.2/node_modules/@types/is-ci/index.d.ts'
[20:24:02.251] Adding entry into typings cache: 'is-core-module' => '/home/tony/.cache/typescript/4.2/node_modules/@types/is-core-module/index.d.ts'
[20:24:02.265] Adding entry into typings cache: 'is-date-object' => '/home/tony/.cache/typescript/4.2/node_modules/@types/is-date-object/index.d.ts'
[20:24:02.304] Adding entry into typings cache: 'is-glob' => '/home/tony/.cache/typescript/4.2/node_modules/@types/is-glob/index.d.ts'
[20:24:02.324] Adding entry into typings cache: 'is-number' => '/home/tony/.cache/typescript/4.2/node_modules/@types/is-number/index.d.ts'
[20:24:02.334] Adding entry into typings cache: 'is-regex' => '/home/tony/.cache/typescript/4.2/node_modules/@types/is-regex/index.d.ts'
[20:24:02.344] Adding entry into typings cache: 'is-typedarray' => '/home/tony/.cache/typescript/4.2/node_modules/@types/is-typedarray/index.d.ts'
[20:24:02.364] Adding entry into typings cache: 'is-windows' => '/home/tony/.cache/typescript/4.2/node_modules/@types/is-windows/index.d.ts'
[20:24:02.387] Adding entry into typings cache: 'isarray' => '/home/tony/.cache/typescript/4.2/node_modules/@types/isarray/index.d.ts'
[20:24:02.414] Adding entry into typings cache: 'isexe' => '/home/tony/.cache/typescript/4.2/node_modules/@types/isexe/index.d.ts'
[20:24:02.424] Adding entry into typings cache: 'isstream' => '/home/tony/.cache/typescript/4.2/node_modules/@types/isstream/index.d.ts'
[20:24:02.434] Adding entry into typings cache: 'istanbul-lib-coverage' => '/home/tony/.cache/typescript/4.2/node_modules/@types/istanbul-lib-coverage/index.d.ts'
[20:24:02.444] Adding entry into typings cache: 'istanbul-lib-instrument' => '/home/tony/.cache/typescript/4.2/node_modules/@types/istanbul-lib-instrument/index.d.ts'
[20:24:02.450] Adding entry into typings cache: 'istanbul-lib-report' => '/home/tony/.cache/typescript/4.2/node_modules/@types/istanbul-lib-report/index.d.ts'
[20:24:02.460] Adding entry into typings cache: 'istanbul-lib-source-maps' => '/home/tony/.cache/typescript/4.2/node_modules/@types/istanbul-lib-source-maps/index.d.ts'
[20:24:02.470] Adding entry into typings cache: 'istanbul-reports' => '/home/tony/.cache/typescript/4.2/node_modules/@types/istanbul-reports/index.d.ts'
[20:24:02.480] Adding entry into typings cache: 'js-yaml' => '/home/tony/.cache/typescript/4.2/node_modules/@types/js-yaml/index.d.ts'
[20:24:02.490] Adding entry into typings cache: 'jsbn' => '/home/tony/.cache/typescript/4.2/node_modules/@types/jsbn/index.d.ts'
[20:24:02.501] Adding entry into typings cache: 'jsdom' => '/home/tony/.cache/typescript/4.2/node_modules/@types/jsdom/index.d.ts'
[20:24:02.510] Adding entry into typings cache: 'jsesc' => '/home/tony/.cache/typescript/4.2/node_modules/@types/jsesc/index.d.ts'
[20:24:02.530] Adding entry into typings cache: 'json-parse-better-errors' => '/home/tony/.cache/typescript/4.2/node_modules/@types/json-parse-better-errors/index.d.ts'
[20:24:02.540] Adding entry into typings cache: 'json-schema' => '/home/tony/.cache/typescript/4.2/node_modules/@types/json-schema/index.d.ts'
[20:24:02.550] Adding entry into typings cache: 'json-stringify-safe' => '/home/tony/.cache/typescript/4.2/node_modules/@types/json-stringify-safe/index.d.ts'
[20:24:02.561] Adding entry into typings cache: 'json3' => '/home/tony/.cache/typescript/4.2/node_modules/@types/json3/index.d.ts'
[20:24:02.600] Adding entry into typings cache: 'jsonfile' => '/home/tony/.cache/typescript/4.2/node_modules/@types/jsonfile/index.d.ts'
[20:24:02.614] Adding entry into typings cache: 'kind-of' => '/home/tony/.cache/typescript/4.2/node_modules/@types/kind-of/index.d.ts'
[20:24:02.620] Adding entry into typings cache: 'language-tags' => '/home/tony/.cache/typescript/4.2/node_modules/@types/language-tags/index.d.ts'
[20:24:02.634] Adding entry into typings cache: 'loader-runner' => '/home/tony/.cache/typescript/4.2/node_modules/@types/loader-runner/index.d.ts'
[20:24:02.642] Adding entry into typings cache: 'loader-utils' => '/home/tony/.cache/typescript/4.2/node_modules/@types/loader-utils/index.d.ts'
[20:24:02.659] Adding entry into typings cache: 'lodash' => '/home/tony/.cache/typescript/4.2/node_modules/@types/lodash/index.d.ts'
[20:24:02.661] Adding entry into typings cache: 'lodash.memoize' => '/home/tony/.cache/typescript/4.2/node_modules/@types/lodash.memoize/index.d.ts'
[20:24:02.667] Adding entry into typings cache: 'lodash.sortby' => '/home/tony/.cache/typescript/4.2/node_modules/@types/lodash.sortby/index.d.ts'
[20:24:02.677] Adding entry into typings cache: 'lodash.template' => '/home/tony/.cache/typescript/4.2/node_modules/@types/lodash.template/index.d.ts'
[20:24:02.687] Adding entry into typings cache: 'lodash.toarray' => '/home/tony/.cache/typescript/4.2/node_modules/@types/lodash.toarray/index.d.ts'
[20:24:02.697] Adding entry into typings cache: 'lodash.uniq' => '/home/tony/.cache/typescript/4.2/node_modules/@types/lodash.uniq/index.d.ts'
[20:24:02.709] Adding entry into typings cache: 'lru-cache' => '/home/tony/.cache/typescript/4.2/node_modules/@types/lru-cache/index.d.ts'
[20:24:02.717] Adding entry into typings cache: 'lz-string' => '/home/tony/.cache/typescript/4.2/node_modules/@types/lz-string/index.d.ts'
[20:24:02.723] Adding entry into typings cache: 'media-typer' => '/home/tony/.cache/typescript/4.2/node_modules/@types/media-typer/index.d.ts'
[20:24:02.733] Adding entry into typings cache: 'memory-fs' => '/home/tony/.cache/typescript/4.2/node_modules/@types/memory-fs/index.d.ts'
[20:24:02.741] Adding entry into typings cache: 'merge-descriptors' => '/home/tony/.cache/typescript/4.2/node_modules/@types/merge-descriptors/index.d.ts'
[20:24:02.754] Adding entry into typings cache: 'merge-stream' => '/home/tony/.cache/typescript/4.2/node_modules/@types/merge-stream/index.d.ts'
[20:24:02.760] Adding entry into typings cache: 'merge2' => '/home/tony/.cache/typescript/4.2/node_modules/@types/merge2/index.d.ts'
[20:24:02.763] Adding entry into typings cache: 'methods' => '/home/tony/.cache/typescript/4.2/node_modules/@types/methods/index.d.ts'
[20:24:02.775] Adding entry into typings cache: 'micromatch' => '/home/tony/.cache/typescript/4.2/node_modules/@types/micromatch/index.d.ts'
[20:24:02.779] Adding entry into typings cache: 'mime' => '/home/tony/.cache/typescript/4.2/node_modules/@types/mime/index.d.ts'
[20:24:02.794] Adding entry into typings cache: 'mime-db' => '/home/tony/.cache/typescript/4.2/node_modules/@types/mime-db/index.d.ts'
[20:24:02.820] Adding entry into typings cache: 'mime-types' => '/home/tony/.cache/typescript/4.2/node_modules/@types/mime-types/index.d.ts'
[20:24:02.831] Adding entry into typings cache: 'min-indent' => '/home/tony/.cache/typescript/4.2/node_modules/@types/min-indent/index.d.ts'
[20:24:02.840] Adding entry into typings cache: 'mini-css-extract-plugin' => '/home/tony/.cache/typescript/4.2/node_modules/@types/mini-css-extract-plugin/index.d.ts'
[20:24:02.847] Adding entry into typings cache: 'minimalistic-assert' => '/home/tony/.cache/typescript/4.2/node_modules/@types/minimalistic-assert/index.d.ts'
[20:24:02.857] Adding entry into typings cache: 'minimatch' => '/home/tony/.cache/typescript/4.2/node_modules/@types/minimatch/index.d.ts'
[20:24:02.867] Adding entry into typings cache: 'minimist' => '/home/tony/.cache/typescript/4.2/node_modules/@types/minimist/index.d.ts'
[20:24:02.877] Adding entry into typings cache: 'minipass' => '/home/tony/.cache/typescript/4.2/node_modules/@types/minipass/index.d.ts'
[20:24:02.887] Adding entry into typings cache: 'minizlib' => '/home/tony/.cache/typescript/4.2/node_modules/@types/minizlib/index.d.ts'
[20:24:02.897] Adding entry into typings cache: 'mkdirp' => '/home/tony/.cache/typescript/4.2/node_modules/@types/mkdirp/index.d.ts'
[20:24:02.904] Adding entry into typings cache: 'move-concurrently' => '/home/tony/.cache/typescript/4.2/node_modules/@types/move-concurrently/index.d.ts'
[20:24:02.920] Adding entry into typings cache: 'ms' => '/home/tony/.cache/typescript/4.2/node_modules/@types/ms/index.d.ts'
[20:24:02.930] Adding entry into typings cache: 'natural-compare' => '/home/tony/.cache/typescript/4.2/node_modules/@types/natural-compare/index.d.ts'
[20:24:02.940] Adding entry into typings cache: 'negotiator' => '/home/tony/.cache/typescript/4.2/node_modules/@types/negotiator/index.d.ts'
[20:24:02.950] Adding entry into typings cache: 'next-tick' => '/home/tony/.cache/typescript/4.2/node_modules/@types/next-tick/index.d.ts'
[20:24:02.960] Adding entry into typings cache: 'nice-try' => '/home/tony/.cache/typescript/4.2/node_modules/@types/nice-try/index.d.ts'
[20:24:02.972] Adding entry into typings cache: 'node' => '/home/tony/.cache/typescript/4.2/node_modules/@types/node/index.d.ts'
[20:24:02.980] Adding entry into typings cache: 'node-emoji' => '/home/tony/.cache/typescript/4.2/node_modules/@types/node-emoji/index.d.ts'
[20:24:02.991] Adding entry into typings cache: 'node-forge' => '/home/tony/.cache/typescript/4.2/node_modules/@types/node-forge/index.d.ts'
[20:24:03.000] Adding entry into typings cache: 'node-int64' => '/home/tony/.cache/typescript/4.2/node_modules/@types/node-int64/index.d.ts'
[20:24:03.008] Adding entry into typings cache: 'node-notifier' => '/home/tony/.cache/typescript/4.2/node_modules/@types/node-notifier/index.d.ts'
[20:24:03.017] Adding entry into typings cache: 'normalize-package-data' => '/home/tony/.cache/typescript/4.2/node_modules/@types/normalize-package-data/index.d.ts'
[20:24:03.037] Adding entry into typings cache: 'normalize-path' => '/home/tony/.cache/typescript/4.2/node_modules/@types/normalize-path/index.d.ts'
[20:24:03.047] Adding entry into typings cache: 'num2fraction' => '/home/tony/.cache/typescript/4.2/node_modules/@types/num2fraction/index.d.ts'
[20:24:03.050] Adding entry into typings cache: 'object-assign' => '/home/tony/.cache/typescript/4.2/node_modules/@types/object-assign/index.d.ts'
[20:24:03.060] Adding entry into typings cache: 'object-hash' => '/home/tony/.cache/typescript/4.2/node_modules/@types/object-hash/index.d.ts'
[20:24:03.067] Adding entry into typings cache: 'object-inspect' => '/home/tony/.cache/typescript/4.2/node_modules/@types/object-inspect/index.d.ts'
[20:24:03.077] Adding entry into typings cache: 'object-keys' => '/home/tony/.cache/typescript/4.2/node_modules/@types/object-keys/index.d.ts'
[20:24:03.087] Adding entry into typings cache: 'object.fromentries' => '/home/tony/.cache/typescript/4.2/node_modules/@types/object.fromentries/index.d.ts'
[20:24:03.092] Adding entry into typings cache: 'object.getownpropertydescriptors' => '/home/tony/.cache/typescript/4.2/node_modules/@types/object.getownpropertydescriptors/index.d.ts'
[20:24:03.107] Adding entry into typings cache: 'object.pick' => '/home/tony/.cache/typescript/4.2/node_modules/@types/object.pick/index.d.ts'
[20:24:03.117] Adding entry into typings cache: 'on-finished' => '/home/tony/.cache/typescript/4.2/node_modules/@types/on-finished/index.d.ts'
[20:24:03.124] Adding entry into typings cache: 'on-headers' => '/home/tony/.cache/typescript/4.2/node_modules/@types/on-headers/index.d.ts'
[20:24:03.130] Adding entry into typings cache: 'once' => '/home/tony/.cache/typescript/4.2/node_modules/@types/once/index.d.ts'
[20:24:03.137] Adding entry into typings cache: 'optimize-css-assets-webpack-plugin' => '/home/tony/.cache/typescript/4.2/node_modules/@types/optimize-css-assets-webpack-plugin/index.d.ts'
[20:24:03.144] Adding entry into typings cache: 'original' => '/home/tony/.cache/typescript/4.2/node_modules/@types/original/index.d.ts'
[20:24:03.157] Adding entry into typings cache: 'pako' => '/home/tony/.cache/typescript/4.2/node_modules/@types/pako/index.d.ts'
[20:24:03.165] Adding entry into typings cache: 'parallel-transform' => '/home/tony/.cache/typescript/4.2/node_modules/@types/parallel-transform/index.d.ts'
[20:24:03.177] Adding entry into typings cache: 'parse-json' => '/home/tony/.cache/typescript/4.2/node_modules/@types/parse-json/index.d.ts'
[20:24:03.184] Adding entry into typings cache: 'parse5' => '/home/tony/.cache/typescript/4.2/node_modules/@types/parse5/index.d.ts'
[20:24:03.190] Adding entry into typings cache: 'parseurl' => '/home/tony/.cache/typescript/4.2/node_modules/@types/parseurl/index.d.ts'
[20:24:03.197] Adding entry into typings cache: 'pascalcase' => '/home/tony/.cache/typescript/4.2/node_modules/@types/pascalcase/index.d.ts'
[20:24:03.210] Adding entry into typings cache: 'path-is-absolute' => '/home/tony/.cache/typescript/4.2/node_modules/@types/path-is-absolute/index.d.ts'
[20:24:03.217] Adding entry into typings cache: 'path-is-inside' => '/home/tony/.cache/typescript/4.2/node_modules/@types/path-is-inside/index.d.ts'
[20:24:03.233] Adding entry into typings cache: 'path-parse' => '/home/tony/.cache/typescript/4.2/node_modules/@types/path-parse/index.d.ts'
[20:24:03.235] Adding entry into typings cache: 'pbkdf2' => '/home/tony/.cache/typescript/4.2/node_modules/@types/pbkdf2/index.d.ts'
[20:24:03.237] Adding entry into typings cache: 'picomatch' => '/home/tony/.cache/typescript/4.2/node_modules/@types/picomatch/index.d.ts'
[20:24:03.250] Adding entry into typings cache: 'pify' => '/home/tony/.cache/typescript/4.2/node_modules/@types/pify/index.d.ts'
[20:24:03.252] Adding entry into typings cache: 'postcss-calc' => '/home/tony/.cache/typescript/4.2/node_modules/@types/postcss-calc/index.d.ts'
[20:24:03.254] Adding entry into typings cache: 'postcss-custom-properties' => '/home/tony/.cache/typescript/4.2/node_modules/@types/postcss-custom-properties/index.d.ts'
[20:24:03.256] Adding entry into typings cache: 'postcss-flexbugs-fixes' => '/home/tony/.cache/typescript/4.2/node_modules/@types/postcss-flexbugs-fixes/index.d.ts'
[20:24:03.258] Adding entry into typings cache: 'postcss-focus-within' => '/home/tony/.cache/typescript/4.2/node_modules/@types/postcss-focus-within/index.d.ts'
[20:24:03.260] Adding entry into typings cache: 'postcss-gap-properties' => '/home/tony/.cache/typescript/4.2/node_modules/@types/postcss-gap-properties/index.d.ts'
[20:24:03.261] Adding entry into typings cache: 'postcss-load-config' => '/home/tony/.cache/typescript/4.2/node_modules/@types/postcss-load-config/index.d.ts'
[20:24:03.270] Adding entry into typings cache: 'postcss-modules-extract-imports' => '/home/tony/.cache/typescript/4.2/node_modules/@types/postcss-modules-extract-imports/index.d.ts'
[20:24:03.272] Adding entry into typings cache: 'postcss-modules-local-by-default' => '/home/tony/.cache/typescript/4.2/node_modules/@types/postcss-modules-local-by-default/index.d.ts'
[20:24:03.275] Adding entry into typings cache: 'postcss-modules-scope' => '/home/tony/.cache/typescript/4.2/node_modules/@types/postcss-modules-scope/index.d.ts'
[20:24:03.277] Adding entry into typings cache: 'postcss-modules-values' => '/home/tony/.cache/typescript/4.2/node_modules/@types/postcss-modules-values/index.d.ts'
[20:24:03.279] Adding entry into typings cache: 'postcss-normalize' => '/home/tony/.cache/typescript/4.2/node_modules/@types/postcss-normalize/index.d.ts'
[20:24:03.287] Adding entry into typings cache: 'postcss-preset-env' => '/home/tony/.cache/typescript/4.2/node_modules/@types/postcss-preset-env/index.d.ts'
[20:24:03.294] Adding entry into typings cache: 'postcss-safe-parser' => '/home/tony/.cache/typescript/4.2/node_modules/@types/postcss-safe-parser/index.d.ts'
[20:24:03.297] Adding entry into typings cache: 'prelude-ls' => '/home/tony/.cache/typescript/4.2/node_modules/@types/prelude-ls/index.d.ts'
[20:24:03.301] Adding entry into typings cache: 'pretty-hrtime' => '/home/tony/.cache/typescript/4.2/node_modules/@types/pretty-hrtime/index.d.ts'
[20:24:03.327] Adding entry into typings cache: 'progress' => '/home/tony/.cache/typescript/4.2/node_modules/@types/progress/index.d.ts'
[20:24:03.335] Adding entry into typings cache: 'promise-inflight' => '/home/tony/.cache/typescript/4.2/node_modules/@types/promise-inflight/index.d.ts'
[20:24:03.358] Adding entry into typings cache: 'prompts' => '/home/tony/.cache/typescript/4.2/node_modules/@types/prompts/index.d.ts'
[20:24:03.370] Adding entry into typings cache: 'prop-types' => '/home/tony/.cache/typescript/4.2/node_modules/@types/prop-types/index.d.ts'
[20:24:03.384] Adding entry into typings cache: 'proxy-addr' => '/home/tony/.cache/typescript/4.2/node_modules/@types/proxy-addr/index.d.ts'
[20:24:03.386] Adding entry into typings cache: 'psl' => '/home/tony/.cache/typescript/4.2/node_modules/@types/psl/index.d.ts'
[20:24:03.389] Adding entry into typings cache: 'pump' => '/home/tony/.cache/typescript/4.2/node_modules/@types/pump/index.d.ts'
[20:24:03.390] Adding entry into typings cache: 'pumpify' => '/home/tony/.cache/typescript/4.2/node_modules/@types/pumpify/index.d.ts'
[20:24:03.407] Adding entry into typings cache: 'punycode' => '/home/tony/.cache/typescript/4.2/node_modules/@types/punycode/index.d.ts'
[20:24:03.410] Adding entry into typings cache: 'q' => '/home/tony/.cache/typescript/4.2/node_modules/@types/q/index.d.ts'
[20:24:03.412] Adding entry into typings cache: 'qs' => '/home/tony/.cache/typescript/4.2/node_modules/@types/qs/index.d.ts'
[20:24:03.414] Adding entry into typings cache: 'querystringify' => '/home/tony/.cache/typescript/4.2/node_modules/@types/querystringify/index.d.ts'
[20:24:03.415] Adding entry into typings cache: 'raf' => '/home/tony/.cache/typescript/4.2/node_modules/@types/raf/index.d.ts'
[20:24:03.433] Adding entry into typings cache: 'randombytes' => '/home/tony/.cache/typescript/4.2/node_modules/@types/randombytes/index.d.ts'
[20:24:03.447] Adding entry into typings cache: 'range-parser' => '/home/tony/.cache/typescript/4.2/node_modules/@types/range-parser/index.d.ts'
[20:24:03.450] Adding entry into typings cache: 'react' => '/home/tony/.cache/typescript/4.2/node_modules/@types/react/index.d.ts'
[20:24:03.459] Adding entry into typings cache: 'react-dev-utils' => '/home/tony/.cache/typescript/4.2/node_modules/@types/react-dev-utils/index.d.ts'
[20:24:03.467] Adding entry into typings cache: 'react-dom' => '/home/tony/.cache/typescript/4.2/node_modules/@types/react-dom/index.d.ts'
[20:24:03.470] Adding entry into typings cache: 'react-is' => '/home/tony/.cache/typescript/4.2/node_modules/@types/react-is/index.d.ts'
[20:24:03.474] Adding entry into typings cache: 'readable-stream' => '/home/tony/.cache/typescript/4.2/node_modules/@types/readable-stream/index.d.ts'
[20:24:03.476] Adding entry into typings cache: 'recursive-readdir' => '/home/tony/.cache/typescript/4.2/node_modules/@types/recursive-readdir/index.d.ts'
[20:24:03.478] Adding entry into typings cache: 'regenerator-runtime' => '/home/tony/.cache/typescript/4.2/node_modules/@types/regenerator-runtime/index.d.ts'
[20:24:03.487] Adding entry into typings cache: 'relateurl' => '/home/tony/.cache/typescript/4.2/node_modules/@types/relateurl/index.d.ts'
[20:24:03.492] Adding entry into typings cache: 'repeat-element' => '/home/tony/.cache/typescript/4.2/node_modules/@types/repeat-element/index.d.ts'
[20:24:03.496] Adding entry into typings cache: 'repeat-string' => '/home/tony/.cache/typescript/4.2/node_modules/@types/repeat-string/index.d.ts'
[20:24:03.498] Adding entry into typings cache: 'request' => '/home/tony/.cache/typescript/4.2/node_modules/@types/request/index.d.ts'
[20:24:03.500] Adding entry into typings cache: 'request-promise-native' => '/home/tony/.cache/typescript/4.2/node_modules/@types/request-promise-native/index.d.ts'
[20:24:03.511] Adding entry into typings cache: 'require-directory' => '/home/tony/.cache/typescript/4.2/node_modules/@types/require-directory/index.d.ts'
[20:24:03.513] Adding entry into typings cache: 'require-from-string' => '/home/tony/.cache/typescript/4.2/node_modules/@types/require-from-string/index.d.ts'
[20:24:03.515] Adding entry into typings cache: 'requires-port' => '/home/tony/.cache/typescript/4.2/node_modules/@types/requires-port/index.d.ts'
[20:24:03.516] Adding entry into typings cache: 'resolve' => '/home/tony/.cache/typescript/4.2/node_modules/@types/resolve/index.d.ts'
[20:24:03.519] Adding entry into typings cache: 'retry' => '/home/tony/.cache/typescript/4.2/node_modules/@types/retry/index.d.ts'
[20:24:03.521] Adding entry into typings cache: 'rimraf' => '/home/tony/.cache/typescript/4.2/node_modules/@types/rimraf/index.d.ts'
[20:24:03.531] Adding entry into typings cache: 'ripemd160' => '/home/tony/.cache/typescript/4.2/node_modules/@types/ripemd160/index.d.ts'
[20:24:03.533] Adding entry into typings cache: 'rsvp' => '/home/tony/.cache/typescript/4.2/node_modules/@types/rsvp/index.d.ts'
[20:24:03.535] Adding entry into typings cache: 'run-parallel' => '/home/tony/.cache/typescript/4.2/node_modules/@types/run-parallel/index.d.ts'
[20:24:03.538] Adding entry into typings cache: 'safe-regex' => '/home/tony/.cache/typescript/4.2/node_modules/@types/safe-regex/index.d.ts'
[20:24:03.540] Adding entry into typings cache: 'safer-buffer' => '/home/tony/.cache/typescript/4.2/node_modules/@types/safer-buffer/index.d.ts'
[20:24:03.544] Adding entry into typings cache: 'sane' => '/home/tony/.cache/typescript/4.2/node_modules/@types/sane/index.d.ts'
[20:24:03.551] Adding entry into typings cache: 'sass-loader' => '/home/tony/.cache/typescript/4.2/node_modules/@types/sass-loader/index.d.ts'
[20:24:03.557] Adding entry into typings cache: 'sax' => '/home/tony/.cache/typescript/4.2/node_modules/@types/sax/index.d.ts'
[20:24:03.564] Adding entry into typings cache: 'scheduler' => '/home/tony/.cache/typescript/4.2/node_modules/@types/scheduler/index.d.ts'
[20:24:03.571] Adding entry into typings cache: 'semver' => '/home/tony/.cache/typescript/4.2/node_modules/@types/semver/index.d.ts'
[20:24:03.577] Adding entry into typings cache: 'send' => '/home/tony/.cache/typescript/4.2/node_modules/@types/send/index.d.ts'
[20:24:03.607] Adding entry into typings cache: 'serialize-javascript' => '/home/tony/.cache/typescript/4.2/node_modules/@types/serialize-javascript/index.d.ts'
[20:24:03.609] Adding entry into typings cache: 'serve-index' => '/home/tony/.cache/typescript/4.2/node_modules/@types/serve-index/index.d.ts'
[20:24:03.611] Adding entry into typings cache: 'serve-static' => '/home/tony/.cache/typescript/4.2/node_modules/@types/serve-static/index.d.ts'
[20:24:03.615] Adding entry into typings cache: 'set-value' => '/home/tony/.cache/typescript/4.2/node_modules/@types/set-value/index.d.ts'
[20:24:03.617] Adding entry into typings cache: 'setimmediate' => '/home/tony/.cache/typescript/4.2/node_modules/@types/setimmediate/index.d.ts'
[20:24:03.627] Adding entry into typings cache: 'sha.js' => '/home/tony/.cache/typescript/4.2/node_modules/@types/sha.js/index.d.ts'
[20:24:03.634] Adding entry into typings cache: 'shebang-command' => '/home/tony/.cache/typescript/4.2/node_modules/@types/shebang-command/index.d.ts'
[20:24:03.636] Adding entry into typings cache: 'shell-quote' => '/home/tony/.cache/typescript/4.2/node_modules/@types/shell-quote/index.d.ts'
[20:24:03.643] Adding entry into typings cache: 'signal-exit' => '/home/tony/.cache/typescript/4.2/node_modules/@types/signal-exit/index.d.ts'
[20:24:03.651] Adding entry into typings cache: 'slice-ansi' => '/home/tony/.cache/typescript/4.2/node_modules/@types/slice-ansi/index.d.ts'
[20:24:03.657] Adding entry into typings cache: 'sockjs' => '/home/tony/.cache/typescript/4.2/node_modules/@types/sockjs/index.d.ts'
[20:24:03.664] Adding entry into typings cache: 'sockjs-client' => '/home/tony/.cache/typescript/4.2/node_modules/@types/sockjs-client/index.d.ts'
[20:24:03.684] Adding entry into typings cache: 'source-list-map' => '/home/tony/.cache/typescript/4.2/node_modules/@types/source-list-map/index.d.ts'
[20:24:03.695] Adding entry into typings cache: 'source-map-support' => '/home/tony/.cache/typescript/4.2/node_modules/@types/source-map-support/index.d.ts'
[20:24:03.700] Adding entry into typings cache: 'spdx-correct' => '/home/tony/.cache/typescript/4.2/node_modules/@types/spdx-correct/index.d.ts'
[20:24:03.707] Adding entry into typings cache: 'spdx-expression-parse' => '/home/tony/.cache/typescript/4.2/node_modules/@types/spdx-expression-parse/index.d.ts'
[20:24:03.715] Adding entry into typings cache: 'spdy' => '/home/tony/.cache/typescript/4.2/node_modules/@types/spdy/index.d.ts'
[20:24:03.721] Adding entry into typings cache: 'sprintf' => '/home/tony/.cache/typescript/4.2/node_modules/@types/sprintf/index.d.ts'
[20:24:03.727] Adding entry into typings cache: 'sprintf-js' => '/home/tony/.cache/typescript/4.2/node_modules/@types/sprintf-js/index.d.ts'
[20:24:03.732] Adding entry into typings cache: 'sshpk' => '/home/tony/.cache/typescript/4.2/node_modules/@types/sshpk/index.d.ts'
[20:24:03.737] Adding entry into typings cache: 'ssri' => '/home/tony/.cache/typescript/4.2/node_modules/@types/ssri/index.d.ts'
[20:24:03.743] Adding entry into typings cache: 'stack-utils' => '/home/tony/.cache/typescript/4.2/node_modules/@types/stack-utils/index.d.ts'
[20:24:03.751] Adding entry into typings cache: 'statuses' => '/home/tony/.cache/typescript/4.2/node_modules/@types/statuses/index.d.ts'
[20:24:03.754] Adding entry into typings cache: 'stream-each' => '/home/tony/.cache/typescript/4.2/node_modules/@types/stream-each/index.d.ts'
[20:24:03.758] Adding entry into typings cache: 'stream-shift' => '/home/tony/.cache/typescript/4.2/node_modules/@types/stream-shift/index.d.ts'
[20:24:03.764] Adding entry into typings cache: 'strict-uri-encode' => '/home/tony/.cache/typescript/4.2/node_modules/@types/strict-uri-encode/index.d.ts'
[20:24:03.767] Adding entry into typings cache: 'string-natural-compare' => '/home/tony/.cache/typescript/4.2/node_modules/@types/string-natural-compare/index.d.ts'
[20:24:03.770] Adding entry into typings cache: 'string.prototype.matchall' => '/home/tony/.cache/typescript/4.2/node_modules/@types/string.prototype.matchall/index.d.ts'
[20:24:03.775] Adding entry into typings cache: 'stringify-object' => '/home/tony/.cache/typescript/4.2/node_modules/@types/stringify-object/index.d.ts'
[20:24:03.776] Adding entry into typings cache: 'strip-comments' => '/home/tony/.cache/typescript/4.2/node_modules/@types/strip-comments/index.d.ts'
[20:24:03.782] Adding entry into typings cache: 'supports-color' => '/home/tony/.cache/typescript/4.2/node_modules/@types/supports-color/index.d.ts'
[20:24:03.797] Adding entry into typings cache: 'svg-parser' => '/home/tony/.cache/typescript/4.2/node_modules/@types/svg-parser/index.d.ts'
[20:24:03.801] Adding entry into typings cache: 'svgo' => '/home/tony/.cache/typescript/4.2/node_modules/@types/svgo/index.d.ts'
[20:24:03.807] Adding entry into typings cache: 'symbol-tree' => '/home/tony/.cache/typescript/4.2/node_modules/@types/symbol-tree/index.d.ts'
[20:24:03.814] Adding entry into typings cache: 'table' => '/home/tony/.cache/typescript/4.2/node_modules/@types/table/index.d.ts'
[20:24:03.824] Adding entry into typings cache: 'tapable' => '/home/tony/.cache/typescript/4.2/node_modules/tapable/tapable.d.ts'
[20:24:03.826] Adding entry into typings cache: 'tar' => '/home/tony/.cache/typescript/4.2/node_modules/@types/tar/index.d.ts'
[20:24:03.841] Adding entry into typings cache: 'terser-webpack-plugin' => '/home/tony/.cache/typescript/4.2/node_modules/@types/terser-webpack-plugin/index.d.ts'
[20:24:03.847] Adding entry into typings cache: 'testing-library__jest-dom' => '/home/tony/.cache/typescript/4.2/node_modules/@types/testing-library__jest-dom/index.d.ts'
[20:24:03.854] Adding entry into typings cache: 'text-table' => '/home/tony/.cache/typescript/4.2/node_modules/@types/text-table/index.d.ts'
[20:24:03.861] Adding entry into typings cache: 'through2' => '/home/tony/.cache/typescript/4.2/node_modules/@types/through2/index.d.ts'
[20:24:03.867] Adding entry into typings cache: 'timsort' => '/home/tony/.cache/typescript/4.2/node_modules/@types/timsort/index.d.ts'
[20:24:03.874] Adding entry into typings cache: 'tough-cookie' => '/home/tony/.cache/typescript/4.2/node_modules/@types/tough-cookie/index.d.ts'
[20:24:03.880] Adding entry into typings cache: 'tryer' => '/home/tony/.cache/typescript/4.2/node_modules/@types/tryer/index.d.ts'
[20:24:03.887] Adding entry into typings cache: 'type-check' => '/home/tony/.cache/typescript/4.2/node_modules/@types/type-check/index.d.ts'
[20:24:03.894] Adding entry into typings cache: 'type-detect' => '/home/tony/.cache/typescript/4.2/node_modules/@types/type-detect/index.d.ts'
[20:24:03.901] Adding entry into typings cache: 'type-is' => '/home/tony/.cache/typescript/4.2/node_modules/@types/type-is/index.d.ts'
[20:24:03.907] Adding entry into typings cache: 'uniq' => '/home/tony/.cache/typescript/4.2/node_modules/@types/uniq/index.d.ts'
[20:24:03.914] Adding entry into typings cache: 'universalify' => '/home/tony/.cache/typescript/4.2/node_modules/@types/universalify/index.d.ts'
[20:24:03.921] Adding entry into typings cache: 'urix' => '/home/tony/.cache/typescript/4.2/node_modules/@types/urix/index.d.ts'
[20:24:03.927] Adding entry into typings cache: 'url-parse' => '/home/tony/.cache/typescript/4.2/node_modules/@types/url-parse/index.d.ts'
[20:24:03.963] Adding entry into typings cache: 'util-deprecate' => '/home/tony/.cache/typescript/4.2/node_modules/@types/util-deprecate/index.d.ts'
[20:24:03.965] Adding entry into typings cache: 'util.promisify' => '/home/tony/.cache/typescript/4.2/node_modules/@types/util.promisify/index.d.ts'
[20:24:03.967] Adding entry into typings cache: 'utils-merge' => '/home/tony/.cache/typescript/4.2/node_modules/@types/utils-merge/index.d.ts'
[20:24:03.974] Adding entry into typings cache: 'uuid' => '/home/tony/.cache/typescript/4.2/node_modules/@types/uuid/index.d.ts'
[20:24:03.975] Adding entry into typings cache: 'validate-npm-package-license' => '/home/tony/.cache/typescript/4.2/node_modules/@types/validate-npm-package-license/index.d.ts'
[20:24:03.987] Adding entry into typings cache: 'vary' => '/home/tony/.cache/typescript/4.2/node_modules/@types/vary/index.d.ts'
[20:24:03.989] Adding entry into typings cache: 'verror' => '/home/tony/.cache/typescript/4.2/node_modules/@types/verror/index.d.ts'
[20:24:03.992] Adding entry into typings cache: 'w3c-xmlserializer' => '/home/tony/.cache/typescript/4.2/node_modules/@types/w3c-xmlserializer/index.d.ts'
[20:24:03.995] Adding entry into typings cache: 'watchpack' => '/home/tony/.cache/typescript/4.2/node_modules/@types/watchpack/index.d.ts'
[20:24:04.005] Adding entry into typings cache: 'webidl-conversions' => '/home/tony/.cache/typescript/4.2/node_modules/@types/webidl-conversions/index.d.ts'
[20:24:04.010] Adding entry into typings cache: 'webpack' => '/home/tony/.cache/typescript/4.2/node_modules/webpack/types.d.ts'
[20:24:04.018] Adding entry into typings cache: 'webpack-dev-middleware' => '/home/tony/.cache/typescript/4.2/node_modules/@types/webpack-dev-middleware/index.d.ts'
[20:24:04.031] Adding entry into typings cache: 'webpack-dev-server' => '/home/tony/.cache/typescript/4.2/node_modules/@types/webpack-dev-server/index.d.ts'
[20:24:04.033] Adding entry into typings cache: 'webpack-manifest-plugin' => '/home/tony/.cache/typescript/4.2/node_modules/@types/webpack-manifest-plugin/index.d.ts'
[20:24:04.035] Adding entry into typings cache: 'webpack-merge' => '/home/tony/.cache/typescript/4.2/node_modules/@types/webpack-merge/index.d.ts'
[20:24:04.039] Adding entry into typings cache: 'webpack-sources' => '/home/tony/.cache/typescript/4.2/node_modules/@types/webpack-sources/index.d.ts'
[20:24:04.051] Adding entry into typings cache: 'whatwg-encoding' => '/home/tony/.cache/typescript/4.2/node_modules/@types/whatwg-encoding/index.d.ts'
[20:24:04.052] Adding entry into typings cache: 'whatwg-mimetype' => '/home/tony/.cache/typescript/4.2/node_modules/@types/whatwg-mimetype/index.d.ts'
[20:24:04.054] Adding entry into typings cache: 'whatwg-url' => '/home/tony/.cache/typescript/4.2/node_modules/@types/whatwg-url/index.d.ts'
[20:24:04.056] Adding entry into typings cache: 'which' => '/home/tony/.cache/typescript/4.2/node_modules/@types/which/index.d.ts'
[20:24:04.058] Adding entry into typings cache: 'workbox-build' => '/home/tony/.cache/typescript/4.2/node_modules/@types/workbox-build/index.d.ts'
[20:24:04.060] Adding entry into typings cache: 'workbox-sw' => '/home/tony/.cache/typescript/4.2/node_modules/@types/workbox-sw/index.d.ts'
[20:24:04.064] Adding entry into typings cache: 'workbox-webpack-plugin' => '/home/tony/.cache/typescript/4.2/node_modules/@types/workbox-webpack-plugin/index.d.ts'
[20:24:04.065] Adding entry into typings cache: 'wrap-ansi' => '/home/tony/.cache/typescript/4.2/node_modules/@types/wrap-ansi/index.d.ts'
[20:24:04.080] Adding entry into typings cache: 'write-file-atomic' => '/home/tony/.cache/typescript/4.2/node_modules/@types/write-file-atomic/index.d.ts'
[20:24:04.082] Adding entry into typings cache: 'ws' => '/home/tony/.cache/typescript/4.2/node_modules/@types/ws/index.d.ts'
[20:24:04.084] Adding entry into typings cache: 'xtend' => '/home/tony/.cache/typescript/4.2/node_modules/@types/xtend/index.d.ts'
[20:24:04.091] Adding entry into typings cache: 'y18n' => '/home/tony/.cache/typescript/4.2/node_modules/@types/y18n/index.d.ts'
[20:24:04.092] Adding entry into typings cache: 'yallist' => '/home/tony/.cache/typescript/4.2/node_modules/@types/yallist/index.d.ts'
[20:24:04.094] Adding entry into typings cache: 'yargs' => '/home/tony/.cache/typescript/4.2/node_modules/@types/yargs/index.d.ts'
[20:24:04.110] Adding entry into typings cache: 'yargs-parser' => '/home/tony/.cache/typescript/4.2/node_modules/@types/yargs-parser/index.d.ts'
[20:24:04.110] Finished processing cache location '/home/tony/.cache/typescript/4.2'
[20:24:04.111] Process id: 1395
[20:24:04.111] NPM location: /usr/bin/npm (explicit '--npmLocation' not  provided)
[20:24:04.111] validateDefaultNpmLocation: false
[20:24:04.111] Npm config file: /home/tony/.cache/typescript/4.2/package.json
[20:24:04.111] Updating types-registry npm package...
[20:24:04.112] Exec: /usr/bin/npm install --ignore-scripts types-registry@latest
[20:24:09.550]     Succeeded. stdout:
    
    up to date, audited 709 packages in 5s

13 packages are looking for funding
  run `npm fund` for details

found 0 vulnerabilities

[20:24:09.552] Updated types-registry npm package
[20:34:00.072] Got install request {"projectName":"/dev/null/inferredProject1*","fileNames":[],"compilerOptions":{"module":1,"target":3,"jsx":1,"allowJs":true,"allowSyntheticDefaultImports":true,"allowNonTsExtensions":true,"noEmitForJsFiles":true},"typeAcquisition":{"enable":true,"include":[],"exclude":[]},"unresolvedImports":[],"projectRootPath":"/home/tony/Documents/react/kadet-e-learning/src/components","kind":"discover"}
[20:34:00.140] Loaded safelist from types map file '/home/tony/Documents/react/kadet-e-learning/node_modules/typescript/lib/typesMap.json'
[20:34:00.141] Explicitly included types: []
[20:34:00.142] Inferred typings from unresolved imports: []
[20:34:00.144] Result: {"cachedTypingPaths":[],"newTypingNames":[],"filesToWatch":["/home/tony/Documents/react/kadet-e-learning/src/components/bower_components","/home/tony/Documents/react/kadet-e-learning/src/components/node_modules"]}
[20:34:00.144] Finished typings discovery: {"cachedTypingPaths":[],"newTypingNames":[],"filesToWatch":["/home/tony/Documents/react/kadet-e-learning/src/components/bower_components","/home/tony/Documents/react/kadet-e-learning/src/components/node_modules"]}
[20:34:00.145] DirectoryWatcher:: Added:: WatchInfo: /home/tony/Documents/react/kadet-e-learning/src/components/bower_components
[20:34:00.147] DirectoryWatcher:: Added:: WatchInfo: /home/tony/Documents/react/kadet-e-learning/src/components/bower_components 1 undefined Project: /dev/null/inferredProject1* watcher already invoked: false
[20:34:00.160] Elapsed:: 12.985342000145465ms DirectoryWatcher:: Added:: WatchInfo: /home/tony/Documents/react/kadet-e-learning/src/components/bower_components 1 undefined Project: /dev/null/inferredProject1* watcher already invoked: false
[20:34:00.161] DirectoryWatcher:: Added:: WatchInfo: /home/tony/Documents/react/kadet-e-learning/src/components/node_modules
[20:34:00.161] DirectoryWatcher:: Added:: WatchInfo: /home/tony/Documents/react/kadet-e-learning/src/components/node_modules 1 undefined Project: /dev/null/inferredProject1* watcher already invoked: false
[20:34:00.161] Elapsed:: 0.3017669999971986ms DirectoryWatcher:: Added:: WatchInfo: /home/tony/Documents/react/kadet-e-learning/src/components/node_modules 1 undefined Project: /dev/null/inferredProject1* watcher already invoked: false
[20:34:00.162] Sending response:
    {"projectName":"/dev/null/inferredProject1*","typeAcquisition":{"enable":true,"include":[],"exclude":[]},"compilerOptions":{"module":1,"target":3,"jsx":1,"allowJs":true,"allowSyntheticDefaultImports":true,"allowNonTsExtensions":true,"noEmitForJsFiles":true},"typings":[],"unresolvedImports":[],"kind":"action::set"}
[20:34:00.162] Response has been sent.
[20:34:00.162] No new typings were requested as a result of typings discovery
[22:00:39.682] Got install request {"projectName":"/dev/null/inferredProject2*","fileNames":[],"compilerOptions":{"module":1,"target":3,"jsx":1,"allowJs":true,"allowSyntheticDefaultImports":true,"allowNonTsExtensions":true,"noEmitForJsFiles":true},"typeAcquisition":{"enable":true,"include":[],"exclude":[]},"unresolvedImports":[],"projectRootPath":"/home/tony/Documents/react/kadet-e-learning/src/contexts","kind":"discover"}
[22:00:39.691] Explicitly included types: []
[22:00:39.693] Inferred typings from unresolved imports: []
[22:00:39.697] Result: {"cachedTypingPaths":[],"newTypingNames":[],"filesToWatch":["/home/tony/Documents/react/kadet-e-learning/src/contexts/bower_components","/home/tony/Documents/react/kadet-e-learning/src/contexts/node_modules"]}
[22:00:39.697] Finished typings discovery: {"cachedTypingPaths":[],"newTypingNames":[],"filesToWatch":["/home/tony/Documents/react/kadet-e-learning/src/contexts/bower_components","/home/tony/Documents/react/kadet-e-learning/src/contexts/node_modules"]}
[22:00:39.698] DirectoryWatcher:: Added:: WatchInfo: /home/tony/Documents/react/kadet-e-learning/src/contexts/bower_components
[22:00:39.699] DirectoryWatcher:: Added:: WatchInfo: /home/tony/Documents/react/kadet-e-learning/src/contexts/bower_components 1 undefined Project: /dev/null/inferredProject2* watcher already invoked: false
[22:00:39.700] Elapsed:: 1.178821999579668ms DirectoryWatcher:: Added:: WatchInfo: /home/tony/Documents/react/kadet-e-learning/src/contexts/bower_components 1 undefined Project: /dev/null/inferredProject2* watcher already invoked: false
[22:00:39.701] DirectoryWatcher:: Added:: WatchInfo: /home/tony/Documents/react/kadet-e-learning/src/contexts/node_modules
[22:00:39.701] DirectoryWatcher:: Added:: WatchInfo: /home/tony/Documents/react/kadet-e-learning/src/contexts/node_modules 1 undefined Project: /dev/null/inferredProject2* watcher already invoked: false
[22:00:39.701] Elapsed:: 0.2911449996754527ms DirectoryWatcher:: Added:: WatchInfo: /home/tony/Documents/react/kadet-e-learning/src/contexts/node_modules 1 undefined Project: /dev/null/inferredProject2* watcher already invoked: false
[22:00:39.701] Sending response:
    {"projectName":"/dev/null/inferredProject2*","typeAcquisition":{"enable":true,"include":[],"exclude":[]},"compilerOptions":{"module":1,"target":3,"jsx":1,"allowJs":true,"allowSyntheticDefaultImports":true,"allowNonTsExtensions":true,"noEmitForJsFiles":true},"typings":[],"unresolvedImports":[],"kind":"action::set"}
[22:00:39.702] Response has been sent.
[22:00:39.702] No new typings were requested as a result of typings discovery
[22:36:14.326] Got install request {"projectName":"/dev/null/inferredProject3*","fileNames":[],"compilerOptions":{"module":1,"target":3,"jsx":1,"allowJs":true,"allowSyntheticDefaultImports":true,"allowNonTsExtensions":true,"noEmitForJsFiles":true},"typeAcquisition":{"enable":true,"include":[],"exclude":[]},"unresolvedImports":[],"projectRootPath":"/home/tony/Documents/react/kadet-e-learning/src/components","kind":"discover"}
[22:36:14.335] Explicitly included types: []
[22:36:14.336] Inferred typings from unresolved imports: []
[22:36:14.340] Result: {"cachedTypingPaths":[],"newTypingNames":[],"filesToWatch":["/home/tony/Documents/react/kadet-e-learning/src/components/bower_components","/home/tony/Documents/react/kadet-e-learning/src/components/node_modules"]}
[22:36:14.340] Finished typings discovery: {"cachedTypingPaths":[],"newTypingNames":[],"filesToWatch":["/home/tony/Documents/react/kadet-e-learning/src/components/bower_components","/home/tony/Documents/react/kadet-e-learning/src/components/node_modules"]}
[22:36:14.341] DirectoryWatcher:: Added:: WatchInfo: /home/tony/Documents/react/kadet-e-learning/src/components/bower_components
[22:36:14.342] DirectoryWatcher:: Added:: WatchInfo: /home/tony/Documents/react/kadet-e-learning/src/components/bower_components 1 undefined Project: /dev/null/inferredProject3* watcher already invoked: false
[22:36:14.343] Elapsed:: 0.2758550001308322ms DirectoryWatcher:: Added:: WatchInfo: /home/tony/Documents/react/kadet-e-learning/src/components/bower_components 1 undefined Project: /dev/null/inferredProject3* watcher already invoked: false
[22:36:14.343] DirectoryWatcher:: Added:: WatchInfo: /home/tony/Documents/react/kadet-e-learning/src/components/node_modules
[22:36:14.343] DirectoryWatcher:: Added:: WatchInfo: /home/tony/Documents/react/kadet-e-learning/src/components/node_modules 1 undefined Project: /dev/null/inferredProject3* watcher already invoked: false
[22:36:14.344] Elapsed:: 0.20301000028848648ms DirectoryWatcher:: Added:: WatchInfo: /home/tony/Documents/react/kadet-e-learning/src/components/node_modules 1 undefined Project: /dev/null/inferredProject3* watcher already invoked: false
[22:36:14.344] Sending response:
    {"projectName":"/dev/null/inferredProject3*","typeAcquisition":{"enable":true,"include":[],"exclude":[]},"compilerOptions":{"module":1,"target":3,"jsx":1,"allowJs":true,"allowSyntheticDefaultImports":true,"allowNonTsExtensions":true,"noEmitForJsFiles":true},"typings":[],"unresolvedImports":[],"kind":"action::set"}
[22:36:14.344] Response has been sent.
[22:36:14.344] No new typings were requested as a result of typings discovery
[22:37:22.273] Got install request {"projectName":"/dev/null/inferredProject3*","fileNames":[],"compilerOptions":{"module":1,"target":3,"jsx":1,"allowJs":true,"allowSyntheticDefaultImports":true,"allowNonTsExtensions":true,"noEmitForJsFiles":true},"typeAcquisition":{"enable":true,"include":[],"exclude":[]},"unresolvedImports":[],"projectRootPath":"/home/tony/Documents/react/kadet-e-learning/src/components","kind":"discover"}
[22:37:22.273] Explicitly included types: []
[22:37:22.273] Inferred typings from unresolved imports: []
[22:37:22.274] Result: {"cachedTypingPaths":[],"newTypingNames":[],"filesToWatch":["/home/tony/Documents/react/kadet-e-learning/src/components/bower_components","/home/tony/Documents/react/kadet-e-learning/src/components/node_modules"]}
[22:37:22.274] Finished typings discovery: {"cachedTypingPaths":[],"newTypingNames":[],"filesToWatch":["/home/tony/Documents/react/kadet-e-learning/src/components/bower_components","/home/tony/Documents/react/kadet-e-learning/src/components/node_modules"]}
[22:37:22.276] Sending response:
    {"projectName":"/dev/null/inferredProject3*","typeAcquisition":{"enable":true,"include":[],"exclude":[]},"compilerOptions":{"module":1,"target":3,"jsx":1,"allowJs":true,"allowSyntheticDefaultImports":true,"allowNonTsExtensions":true,"noEmitForJsFiles":true},"typings":[],"unresolvedImports":[],"kind":"action::set"}
[22:37:22.276] Response has been sent.
[22:37:22.276] No new typings were requested as a result of typings discovery
