[06:51:51.906] Global cache location '/home/tony/.cache/typescript/4.2', safe file path '/home/tony/Documents/react/kadet-e-learning/node_modules/typescript/lib/typingSafeList.json', types map path /home/tony/Documents/react/kadet-e-learning/node_modules/typescript/lib/typesMap.json
[06:51:51.910] Processing cache location '/home/tony/.cache/typescript/4.2'
[06:51:51.910] Trying to find '/home/tony/.cache/typescript/4.2/package.json'...
[06:51:51.915] Loaded content of '/home/tony/.cache/typescript/4.2/package.json': {"private":true,"dependencies":{"types-registry":"^0.1.531"},"devDependencies":{"@types/accepts":"^1.3.5","@types/ajv-errors":"^1.0.3","@types/ansi-styles":"^3.2.1","@types/anymatch":"^1.3.1","@types/argparse":"^2.0.5","@types/aria-query":"^4.2.1","@types/arr-diff":"^4.0.0","@types/arr-union":"^3.1.0","@types/array-unique":"^0.3.0","@types/array.prototype.flat":"^1.2.1","@types/array.prototype.flatmap":"^1.2.2","@types/asap":"^2.0.0","@types/asn1":"^0.2.0","@types/assert":"^1.5.4","@types/assert-plus":"^1.0.4","@types/async":"^3.2.5","@types/atob":"^2.1.2","@types/aws4":"^1.5.1","@types/babel-plugin-macros":"^2.8.4","@types/babylon":"^6.16.5","@types/balanced-match":"^1.0.1","@types/big.js":"^6.0.2","@types/bluebird":"^3.5.33","@types/bn.js":"^5.1.0","@types/body-parser":"^1.19.0","@types/bonjour":"^3.5.8","@types/boolbase":"^1.0.0","@types/brace-expansion":"^1.1.0","@types/braces":"^3.0.0","@types/brorand":"^1.0.30","@types/bser":"^2.0.0","@types/buffer-from":"^1.1.0","@types/buffer-xor":"^2.0.0","@types/bytes":"^3.1.0","@types/cacache":"^15.0.0","@types/call-bind":"^1.0.0","@types/camelcase-css":"^2.0.0","@types/caniuse-api":"^3.0.1","@types/caniuse-lite":"^1.0.0","@types/case-sensitive-paths-webpack-plugin":"^2.1.4","@types/caseless":"^0.12.2","@types/check-types":"^7.3.1","@types/chownr":"^1.0.0","@types/ci-info":"^2.0.0","@types/cipher-base":"^1.0.0","@types/clean-css":"^4.2.3","@types/co":"^4.6.2","@types/color":"^3.0.1","@types/color-convert":"^2.0.0","@types/color-name":"^1.1.1","@types/color-string":"^1.5.0","@types/combined-stream":"^1.0.2","@types/common-tags":"^1.8.0","@types/commondir":"^1.0.0","@types/component-emitter":"^1.2.10","@types/compose-function":"^0.0.30","@types/compressible":"^2.0.0","@types/compression":"^1.7.0","@types/concat-map":"^0.0.0","@types/concat-stream":"^1.6.0","@types/confusing-browser-globals":"^1.0.0","@types/connect-history-api-fallback":"^1.3.3","@types/contains-path":"^1.0.0","@types/content-disposition":"^0.5.3","@types/content-type":"^1.1.3","@types/convert-source-map":"^1.5.1","@types/cookie":"^0.4.0","@types/cookie-signature":"^1.0.3","@types/core-js":"^2.5.4","@types/create-hash":"^1.2.2","@types/create-hmac":"^1.1.0","@types/cross-spawn":"^6.0.2","@types/css":"^0.0.31","@types/css-declaration-sorter":"^5.1.0","@types/css-tree":"^1.0.5","@types/cssesc":"^3.0.0","@types/cssnano":"^4.0.0","@types/csso":"^3.5.1","@types/cssom":"^0.4.1","@types/cssstyle":"^2.2.1","@types/d":"^1.0.0","@types/dashdash":"^1.14.0","@types/data-urls":"^2.0.0","@types/debug":"^4.1.5","@types/decode-uri-component":"^0.2.0","@types/dedent":"^0.7.0","@types/deep-equal":"^1.0.1","@types/default-gateway":"^3.0.1","@types/define-properties":"^1.1.3","@types/defined":"^1.0.0","@types/depd":"^1.1.32","@types/destroy":"^1.0.0","@types/detect-node":"^2.0.0","@types/detective":"^5.1.1","@types/didyoumean":"^1.2.0","@types/diffie-hellman":"^5.0.0","@types/dir-glob":"^2.0.0","@types/doctrine":"^0.0.3","@types/domexception":"^2.0.1","@types/domhandler":"^2.4.1","@types/domutils":"^1.7.3","@types/duplexify":"^3.6.0","@types/ee-first":"^1.1.0","@types/ejs":"^3.0.6","@types/elliptic":"^6.4.12","@types/encodeurl":"^1.0.0","@types/end-of-stream":"^1.4.0","@types/enhanced-resolve":"^3.0.6","@types/entities":"^1.1.1","@types/es-abstract":"^1.17.2","@types/es-to-primitive":"^1.2.4","@types/escape-html":"^1.0.0","@types/escodegen":"^0.0.6","@types/eslint":"^7.2.6","@types/eslint-scope":"^3.7.0","@types/eslint-visitor-keys":"^1.0.0","@types/esprima":"^4.0.2","@types/esquery":"^1.0.1","@types/estraverse":"^5.1.0","@types/etag":"^1.8.0","@types/events":"^3.0.0","@types/eventsource":"^1.1.5","@types/exit":"^0.1.31","@types/express":"^4.17.11","@types/extend":"^3.0.1","@types/extsprintf":"^1.4.1","@types/fast-levenshtein":"^0.0.1","@types/fb-watchman":"^2.0.0","@types/file-entry-cache":"^5.0.1","@types/file-loader":"^4.2.0","@types/finalhandler":"^1.1.0","@types/find-cache-dir":"^3.2.0","@types/flat-cache":"^2.0.0","@types/flush-write-stream":"^1.0.0","@types/follow-redirects":"^1.13.0","@types/forever-agent":"^0.6.0","@types/forwarded":"^0.1.0","@types/fresh":"^0.5.0","@types/from2":"^2.3.0","@types/fs-extra":"^9.0.8","@types/function-bind":"^1.1.6","@types/get-caller-file":"^1.0.0","@types/get-intrinsic":"^1.0.0","@types/get-value":"^3.0.1","@types/getpass":"^0.1.0","@types/glob":"^7.1.3","@types/glob-parent":"^5.1.0","@types/global-modules":"^2.0.0","@types/global-prefix":"^3.0.0","@types/graceful-fs":"^4.1.5","@types/has":"^1.0.0","@types/has-symbols":"^1.0.0","@types/he":"^1.1.1","@types/hex-color-regex":"^1.1.0","@types/hosted-git-info":"^3.0.1","@types/html-encoding-sniffer":"^2.0.1","@types/html-escaper":"^3.0.0","@types/html-minifier-terser":"^5.1.1","@types/htmlparser2":"^3.10.2","@types/http-errors":"^1.8.0","@types/http-proxy":"^1.17.5","@types/http-proxy-middleware":"^0.19.3","@types/icss-utils":"^4.1.0","@types/iferr":"^1.0.2","@types/imurmurhash":"^0.1.1","@types/inherits":"^0.0.30","@types/ini":"^1.3.30","@types/internal-slot":"^1.0.1","@types/ip":"^1.1.0","@types/is-arguments":"^1.0.0","@types/is-buffer":"^2.0.0","@types/is-callable":"^1.1.0","@types/is-ci":"^2.0.0","@types/is-core-module":"^2.2.0","@types/is-date-object":"^1.0.1","@types/is-glob":"^4.0.1","@types/is-number":"^7.0.1","@types/is-regex":"^1.0.0","@types/is-typedarray":"^1.0.0","@types/is-windows":"^1.0.0","@types/isarray":"^2.0.0","@types/isexe":"^2.0.0","@types/isstream":"^0.1.0","@types/istanbul-lib-coverage":"^2.0.3","@types/istanbul-lib-instrument":"^1.7.4","@types/istanbul-lib-report":"^3.0.0","@types/istanbul-lib-source-maps":"^4.0.1","@types/istanbul-reports":"^3.0.0","@types/js-yaml":"^4.0.0","@types/jsbn":"^1.2.29","@types/jsdom":"^16.2.6","@types/jsesc":"^2.5.1","@types/json-parse-better-errors":"^1.0.0","@types/json-schema":"^7.0.7","@types/json-stringify-safe":"^5.0.0","@types/json3":"^3.3.2","@types/jsonfile":"^6.0.0","@types/kind-of":"^6.0.0","@types/language-tags":"^1.0.0","@types/node":"^14.14.31","@types/object-assign":"^4.0.30","@types/react":"^17.0.2","@types/react-dom":"^17.0.1","@types/scheduler":"^0.16.1","@types/testing-library__jest-dom":"^5.9.5"}}
[06:51:51.915] Loaded content of '/home/tony/.cache/typescript/4.2/package-lock.json'
[06:51:51.939] Adding entry into typings cache: 'accepts' => '/home/tony/.cache/typescript/4.2/node_modules/@types/accepts/index.d.ts'
[06:51:51.944] Adding entry into typings cache: 'ajv-errors' => '/home/tony/.cache/typescript/4.2/node_modules/@types/ajv-errors/index.d.ts'
[06:51:51.949] Adding entry into typings cache: 'ansi-styles' => '/home/tony/.cache/typescript/4.2/node_modules/ansi-styles/index.d.ts'
[06:51:51.953] Adding entry into typings cache: 'anymatch' => '/home/tony/.cache/typescript/4.2/node_modules/@types/anymatch/index.d.ts'
[06:51:51.958] Adding entry into typings cache: 'argparse' => '/home/tony/.cache/typescript/4.2/node_modules/@types/argparse/index.d.ts'
[06:51:51.962] Adding entry into typings cache: 'aria-query' => '/home/tony/.cache/typescript/4.2/node_modules/@types/aria-query/index.d.ts'
[06:51:51.965] Adding entry into typings cache: 'arr-diff' => '/home/tony/.cache/typescript/4.2/node_modules/@types/arr-diff/index.d.ts'
[06:51:51.968] Adding entry into typings cache: 'arr-union' => '/home/tony/.cache/typescript/4.2/node_modules/@types/arr-union/index.d.ts'
[06:51:51.971] Adding entry into typings cache: 'array-unique' => '/home/tony/.cache/typescript/4.2/node_modules/@types/array-unique/index.d.ts'
[06:51:51.974] Adding entry into typings cache: 'array.prototype.flat' => '/home/tony/.cache/typescript/4.2/node_modules/@types/array.prototype.flat/index.d.ts'
[06:51:51.978] Adding entry into typings cache: 'array.prototype.flatmap' => '/home/tony/.cache/typescript/4.2/node_modules/@types/array.prototype.flatmap/index.d.ts'
[06:51:51.980] Adding entry into typings cache: 'asap' => '/home/tony/.cache/typescript/4.2/node_modules/@types/asap/index.d.ts'
[06:51:51.988] Adding entry into typings cache: 'asn1' => '/home/tony/.cache/typescript/4.2/node_modules/@types/asn1/index.d.ts'
[06:51:51.994] Adding entry into typings cache: 'assert' => '/home/tony/.cache/typescript/4.2/node_modules/@types/assert/index.d.ts'
[06:51:51.997] Adding entry into typings cache: 'assert-plus' => '/home/tony/.cache/typescript/4.2/node_modules/@types/assert-plus/index.d.ts'
[06:51:52.009] Adding entry into typings cache: 'async' => '/home/tony/.cache/typescript/4.2/node_modules/@types/async/index.d.ts'
[06:51:52.013] Adding entry into typings cache: 'atob' => '/home/tony/.cache/typescript/4.2/node_modules/@types/atob/index.d.ts'
[06:51:52.031] Adding entry into typings cache: 'aws4' => '/home/tony/.cache/typescript/4.2/node_modules/@types/aws4/index.d.ts'
[06:51:52.034] Adding entry into typings cache: 'babel-plugin-macros' => '/home/tony/.cache/typescript/4.2/node_modules/@types/babel-plugin-macros/index.d.ts'
[06:51:52.040] Adding entry into typings cache: 'babylon' => '/home/tony/.cache/typescript/4.2/node_modules/@types/babylon/index.d.ts'
[06:51:52.043] Adding entry into typings cache: 'balanced-match' => '/home/tony/.cache/typescript/4.2/node_modules/@types/balanced-match/index.d.ts'
[06:51:52.046] Adding entry into typings cache: 'big.js' => '/home/tony/.cache/typescript/4.2/node_modules/@types/big.js/index.d.ts'
[06:51:52.049] Adding entry into typings cache: 'bluebird' => '/home/tony/.cache/typescript/4.2/node_modules/@types/bluebird/index.d.ts'
[06:51:52.052] Adding entry into typings cache: 'bn.js' => '/home/tony/.cache/typescript/4.2/node_modules/@types/bn.js/index.d.ts'
[06:51:52.058] Adding entry into typings cache: 'body-parser' => '/home/tony/.cache/typescript/4.2/node_modules/@types/body-parser/index.d.ts'
[06:51:52.061] Adding entry into typings cache: 'bonjour' => '/home/tony/.cache/typescript/4.2/node_modules/@types/bonjour/index.d.ts'
[06:51:52.063] Adding entry into typings cache: 'boolbase' => '/home/tony/.cache/typescript/4.2/node_modules/@types/boolbase/index.d.ts'
[06:51:52.066] Adding entry into typings cache: 'brace-expansion' => '/home/tony/.cache/typescript/4.2/node_modules/@types/brace-expansion/index.d.ts'
[06:51:52.068] Adding entry into typings cache: 'braces' => '/home/tony/.cache/typescript/4.2/node_modules/@types/braces/index.d.ts'
[06:51:52.071] Adding entry into typings cache: 'brorand' => '/home/tony/.cache/typescript/4.2/node_modules/@types/brorand/index.d.ts'
[06:51:52.073] Adding entry into typings cache: 'bser' => '/home/tony/.cache/typescript/4.2/node_modules/@types/bser/index.d.ts'
[06:51:52.076] Adding entry into typings cache: 'buffer-from' => '/home/tony/.cache/typescript/4.2/node_modules/@types/buffer-from/index.d.ts'
[06:51:52.078] Adding entry into typings cache: 'buffer-xor' => '/home/tony/.cache/typescript/4.2/node_modules/@types/buffer-xor/index.d.ts'
[06:51:52.081] Adding entry into typings cache: 'bytes' => '/home/tony/.cache/typescript/4.2/node_modules/@types/bytes/index.d.ts'
[06:51:52.083] Adding entry into typings cache: 'cacache' => '/home/tony/.cache/typescript/4.2/node_modules/@types/cacache/index.d.ts'
[06:51:52.087] Adding entry into typings cache: 'call-bind' => '/home/tony/.cache/typescript/4.2/node_modules/@types/call-bind/index.d.ts'
[06:51:52.089] Adding entry into typings cache: 'camelcase-css' => '/home/tony/.cache/typescript/4.2/node_modules/@types/camelcase-css/index.d.ts'
[06:51:52.092] Adding entry into typings cache: 'caniuse-api' => '/home/tony/.cache/typescript/4.2/node_modules/@types/caniuse-api/index.d.ts'
[06:51:52.094] Adding entry into typings cache: 'caniuse-lite' => '/home/tony/.cache/typescript/4.2/node_modules/@types/caniuse-lite/index.d.ts'
[06:51:52.097] Adding entry into typings cache: 'case-sensitive-paths-webpack-plugin' => '/home/tony/.cache/typescript/4.2/node_modules/@types/case-sensitive-paths-webpack-plugin/index.d.ts'
[06:51:52.100] Adding entry into typings cache: 'caseless' => '/home/tony/.cache/typescript/4.2/node_modules/@types/caseless/index.d.ts'
[06:51:52.102] Adding entry into typings cache: 'check-types' => '/home/tony/.cache/typescript/4.2/node_modules/@types/check-types/index.d.ts'
[06:51:52.108] Adding entry into typings cache: 'chownr' => '/home/tony/.cache/typescript/4.2/node_modules/@types/chownr/index.d.ts'
[06:51:52.110] Adding entry into typings cache: 'ci-info' => '/home/tony/.cache/typescript/4.2/node_modules/@types/ci-info/index.d.ts'
[06:51:52.113] Adding entry into typings cache: 'cipher-base' => '/home/tony/.cache/typescript/4.2/node_modules/@types/cipher-base/index.d.ts'
[06:51:52.116] Adding entry into typings cache: 'clean-css' => '/home/tony/.cache/typescript/4.2/node_modules/@types/clean-css/index.d.ts'
[06:51:52.118] Adding entry into typings cache: 'co' => '/home/tony/.cache/typescript/4.2/node_modules/@types/co/index.d.ts'
[06:51:52.121] Adding entry into typings cache: 'color' => '/home/tony/.cache/typescript/4.2/node_modules/@types/color/index.d.ts'
[06:51:52.128] Adding entry into typings cache: 'color-convert' => '/home/tony/.cache/typescript/4.2/node_modules/@types/color-convert/index.d.ts'
[06:51:52.135] Adding entry into typings cache: 'color-name' => '/home/tony/.cache/typescript/4.2/node_modules/@types/color-name/index.d.ts'
[06:51:52.137] Adding entry into typings cache: 'color-string' => '/home/tony/.cache/typescript/4.2/node_modules/@types/color-string/index.d.ts'
[06:51:52.140] Adding entry into typings cache: 'combined-stream' => '/home/tony/.cache/typescript/4.2/node_modules/@types/combined-stream/index.d.ts'
[06:51:52.142] Adding entry into typings cache: 'common-tags' => '/home/tony/.cache/typescript/4.2/node_modules/@types/common-tags/index.d.ts'
[06:51:52.144] Adding entry into typings cache: 'commondir' => '/home/tony/.cache/typescript/4.2/node_modules/@types/commondir/index.d.ts'
[06:51:52.145] Adding entry into typings cache: 'component-emitter' => '/home/tony/.cache/typescript/4.2/node_modules/@types/component-emitter/index.d.ts'
[06:51:52.147] Adding entry into typings cache: 'compose-function' => '/home/tony/.cache/typescript/4.2/node_modules/@types/compose-function/index.d.ts'
[06:51:52.148] Adding entry into typings cache: 'compressible' => '/home/tony/.cache/typescript/4.2/node_modules/@types/compressible/index.d.ts'
[06:51:52.151] Adding entry into typings cache: 'compression' => '/home/tony/.cache/typescript/4.2/node_modules/@types/compression/index.d.ts'
[06:51:52.153] Adding entry into typings cache: 'concat-map' => '/home/tony/.cache/typescript/4.2/node_modules/@types/concat-map/index.d.ts'
[06:51:52.156] Adding entry into typings cache: 'concat-stream' => '/home/tony/.cache/typescript/4.2/node_modules/@types/concat-stream/index.d.ts'
[06:51:52.158] Adding entry into typings cache: 'confusing-browser-globals' => '/home/tony/.cache/typescript/4.2/node_modules/@types/confusing-browser-globals/index.d.ts'
[06:51:52.160] Adding entry into typings cache: 'connect-history-api-fallback' => '/home/tony/.cache/typescript/4.2/node_modules/@types/connect-history-api-fallback/index.d.ts'
[06:51:52.162] Adding entry into typings cache: 'contains-path' => '/home/tony/.cache/typescript/4.2/node_modules/@types/contains-path/index.d.ts'
[06:51:52.164] Adding entry into typings cache: 'content-disposition' => '/home/tony/.cache/typescript/4.2/node_modules/@types/content-disposition/index.d.ts'
[06:51:52.166] Adding entry into typings cache: 'content-type' => '/home/tony/.cache/typescript/4.2/node_modules/@types/content-type/index.d.ts'
[06:51:52.168] Adding entry into typings cache: 'convert-source-map' => '/home/tony/.cache/typescript/4.2/node_modules/@types/convert-source-map/index.d.ts'
[06:51:52.175] Adding entry into typings cache: 'cookie' => '/home/tony/.cache/typescript/4.2/node_modules/@types/cookie/index.d.ts'
[06:51:52.177] Adding entry into typings cache: 'cookie-signature' => '/home/tony/.cache/typescript/4.2/node_modules/@types/cookie-signature/index.d.ts'
[06:51:52.180] Adding entry into typings cache: 'core-js' => '/home/tony/.cache/typescript/4.2/node_modules/@types/core-js/index.d.ts'
[06:51:52.185] Adding entry into typings cache: 'create-hash' => '/home/tony/.cache/typescript/4.2/node_modules/@types/create-hash/index.d.ts'
[06:51:52.188] Adding entry into typings cache: 'create-hmac' => '/home/tony/.cache/typescript/4.2/node_modules/@types/create-hmac/index.d.ts'
[06:51:52.190] Adding entry into typings cache: 'cross-spawn' => '/home/tony/.cache/typescript/4.2/node_modules/@types/cross-spawn/index.d.ts'
[06:51:52.191] Adding entry into typings cache: 'css' => '/home/tony/.cache/typescript/4.2/node_modules/@types/css/index.d.ts'
[06:51:52.193] Adding entry into typings cache: 'css-declaration-sorter' => '/home/tony/.cache/typescript/4.2/node_modules/@types/css-declaration-sorter/index.d.ts'
[06:51:52.195] Adding entry into typings cache: 'css-tree' => '/home/tony/.cache/typescript/4.2/node_modules/@types/css-tree/index.d.ts'
[06:51:52.198] Adding entry into typings cache: 'cssesc' => '/home/tony/.cache/typescript/4.2/node_modules/@types/cssesc/index.d.ts'
[06:51:52.203] Adding entry into typings cache: 'cssnano' => '/home/tony/.cache/typescript/4.2/node_modules/@types/cssnano/index.d.ts'
[06:51:52.205] Adding entry into typings cache: 'csso' => '/home/tony/.cache/typescript/4.2/node_modules/@types/csso/index.d.ts'
[06:51:52.208] Adding entry into typings cache: 'cssom' => '/home/tony/.cache/typescript/4.2/node_modules/@types/cssom/index.d.ts'
[06:51:52.212] Adding entry into typings cache: 'cssstyle' => '/home/tony/.cache/typescript/4.2/node_modules/@types/cssstyle/index.d.ts'
[06:51:52.214] Adding entry into typings cache: 'd' => '/home/tony/.cache/typescript/4.2/node_modules/@types/d/index.d.ts'
[06:51:52.216] Adding entry into typings cache: 'dashdash' => '/home/tony/.cache/typescript/4.2/node_modules/@types/dashdash/index.d.ts'
[06:51:52.219] Adding entry into typings cache: 'data-urls' => '/home/tony/.cache/typescript/4.2/node_modules/@types/data-urls/index.d.ts'
[06:51:52.223] Adding entry into typings cache: 'debug' => '/home/tony/.cache/typescript/4.2/node_modules/@types/debug/index.d.ts'
[06:51:52.226] Adding entry into typings cache: 'decode-uri-component' => '/home/tony/.cache/typescript/4.2/node_modules/@types/decode-uri-component/index.d.ts'
[06:51:52.228] Adding entry into typings cache: 'dedent' => '/home/tony/.cache/typescript/4.2/node_modules/@types/dedent/index.d.ts'
[06:51:52.230] Adding entry into typings cache: 'deep-equal' => '/home/tony/.cache/typescript/4.2/node_modules/@types/deep-equal/index.d.ts'
[06:51:52.233] Adding entry into typings cache: 'default-gateway' => '/home/tony/.cache/typescript/4.2/node_modules/@types/default-gateway/index.d.ts'
[06:51:52.235] Adding entry into typings cache: 'define-properties' => '/home/tony/.cache/typescript/4.2/node_modules/@types/define-properties/index.d.ts'
[06:51:52.237] Adding entry into typings cache: 'defined' => '/home/tony/.cache/typescript/4.2/node_modules/@types/defined/index.d.ts'
[06:51:52.239] Adding entry into typings cache: 'depd' => '/home/tony/.cache/typescript/4.2/node_modules/@types/depd/index.d.ts'
[06:51:52.241] Adding entry into typings cache: 'destroy' => '/home/tony/.cache/typescript/4.2/node_modules/@types/destroy/index.d.ts'
[06:51:52.243] Adding entry into typings cache: 'detect-node' => '/home/tony/.cache/typescript/4.2/node_modules/@types/detect-node/index.d.ts'
[06:51:52.246] Adding entry into typings cache: 'detective' => '/home/tony/.cache/typescript/4.2/node_modules/@types/detective/index.d.ts'
[06:51:52.248] Adding entry into typings cache: 'didyoumean' => '/home/tony/.cache/typescript/4.2/node_modules/@types/didyoumean/index.d.ts'
[06:51:52.252] Adding entry into typings cache: 'diffie-hellman' => '/home/tony/.cache/typescript/4.2/node_modules/@types/diffie-hellman/index.d.ts'
[06:51:52.255] Adding entry into typings cache: 'dir-glob' => '/home/tony/.cache/typescript/4.2/node_modules/@types/dir-glob/index.d.ts'
[06:51:52.257] Adding entry into typings cache: 'doctrine' => '/home/tony/.cache/typescript/4.2/node_modules/@types/doctrine/index.d.ts'
[06:51:52.261] Adding entry into typings cache: 'domexception' => '/home/tony/.cache/typescript/4.2/node_modules/@types/domexception/index.d.ts'
[06:51:52.265] Adding entry into typings cache: 'domhandler' => '/home/tony/.cache/typescript/4.2/node_modules/@types/domhandler/index.d.ts'
[06:51:52.271] Adding entry into typings cache: 'domutils' => '/home/tony/.cache/typescript/4.2/node_modules/@types/domutils/index.d.ts'
[06:51:52.273] Adding entry into typings cache: 'duplexify' => '/home/tony/.cache/typescript/4.2/node_modules/@types/duplexify/index.d.ts'
[06:51:52.276] Adding entry into typings cache: 'ee-first' => '/home/tony/.cache/typescript/4.2/node_modules/@types/ee-first/index.d.ts'
[06:51:52.279] Adding entry into typings cache: 'ejs' => '/home/tony/.cache/typescript/4.2/node_modules/@types/ejs/index.d.ts'
[06:51:52.282] Adding entry into typings cache: 'elliptic' => '/home/tony/.cache/typescript/4.2/node_modules/@types/elliptic/index.d.ts'
[06:51:52.284] Adding entry into typings cache: 'encodeurl' => '/home/tony/.cache/typescript/4.2/node_modules/@types/encodeurl/index.d.ts'
[06:51:52.287] Adding entry into typings cache: 'end-of-stream' => '/home/tony/.cache/typescript/4.2/node_modules/@types/end-of-stream/index.d.ts'
[06:51:52.296] Adding entry into typings cache: 'enhanced-resolve' => '/home/tony/.cache/typescript/4.2/node_modules/@types/enhanced-resolve/index.d.ts'
[06:51:52.299] Adding entry into typings cache: 'entities' => '/home/tony/.cache/typescript/4.2/node_modules/@types/entities/index.d.ts'
[06:51:52.304] Adding entry into typings cache: 'es-abstract' => '/home/tony/.cache/typescript/4.2/node_modules/@types/es-abstract/index.d.ts'
[06:51:52.306] Adding entry into typings cache: 'es-to-primitive' => '/home/tony/.cache/typescript/4.2/node_modules/@types/es-to-primitive/index.d.ts'
[06:51:52.308] Adding entry into typings cache: 'escape-html' => '/home/tony/.cache/typescript/4.2/node_modules/@types/escape-html/index.d.ts'
[06:51:52.311] Adding entry into typings cache: 'escodegen' => '/home/tony/.cache/typescript/4.2/node_modules/@types/escodegen/index.d.ts'
[06:51:52.314] Adding entry into typings cache: 'eslint' => '/home/tony/.cache/typescript/4.2/node_modules/@types/eslint/index.d.ts'
[06:51:52.336] Adding entry into typings cache: 'eslint-scope' => '/home/tony/.cache/typescript/4.2/node_modules/@types/eslint-scope/index.d.ts'
[06:51:52.338] Adding entry into typings cache: 'eslint-visitor-keys' => '/home/tony/.cache/typescript/4.2/node_modules/@types/eslint-visitor-keys/index.d.ts'
[06:51:52.339] Adding entry into typings cache: 'esprima' => '/home/tony/.cache/typescript/4.2/node_modules/@types/esprima/index.d.ts'
[06:51:52.341] Adding entry into typings cache: 'esquery' => '/home/tony/.cache/typescript/4.2/node_modules/@types/esquery/index.d.ts'
[06:51:52.342] Adding entry into typings cache: 'estraverse' => '/home/tony/.cache/typescript/4.2/node_modules/@types/estraverse/index.d.ts'
[06:51:52.344] Adding entry into typings cache: 'etag' => '/home/tony/.cache/typescript/4.2/node_modules/@types/etag/index.d.ts'
[06:51:52.345] Adding entry into typings cache: 'events' => '/home/tony/.cache/typescript/4.2/node_modules/@types/events/index.d.ts'
[06:51:52.346] Adding entry into typings cache: 'eventsource' => '/home/tony/.cache/typescript/4.2/node_modules/@types/eventsource/index.d.ts'
[06:51:52.347] Adding entry into typings cache: 'exit' => '/home/tony/.cache/typescript/4.2/node_modules/@types/exit/index.d.ts'
[06:51:52.349] Adding entry into typings cache: 'express' => '/home/tony/.cache/typescript/4.2/node_modules/@types/express/index.d.ts'
[06:51:52.353] Adding entry into typings cache: 'extend' => '/home/tony/.cache/typescript/4.2/node_modules/@types/extend/index.d.ts'
[06:51:52.356] Adding entry into typings cache: 'extsprintf' => '/home/tony/.cache/typescript/4.2/node_modules/@types/extsprintf/index.d.ts'
[06:51:52.357] Adding entry into typings cache: 'fast-levenshtein' => '/home/tony/.cache/typescript/4.2/node_modules/@types/fast-levenshtein/index.d.ts'
[06:51:52.360] Adding entry into typings cache: 'fb-watchman' => '/home/tony/.cache/typescript/4.2/node_modules/@types/fb-watchman/index.d.ts'
[06:51:52.362] Adding entry into typings cache: 'file-entry-cache' => '/home/tony/.cache/typescript/4.2/node_modules/@types/file-entry-cache/index.d.ts'
[06:51:52.365] Adding entry into typings cache: 'file-loader' => '/home/tony/.cache/typescript/4.2/node_modules/@types/file-loader/index.d.ts'
[06:51:52.370] Adding entry into typings cache: 'finalhandler' => '/home/tony/.cache/typescript/4.2/node_modules/@types/finalhandler/index.d.ts'
[06:51:52.376] Adding entry into typings cache: 'find-cache-dir' => '/home/tony/.cache/typescript/4.2/node_modules/@types/find-cache-dir/index.d.ts'
[06:51:52.378] Adding entry into typings cache: 'flat-cache' => '/home/tony/.cache/typescript/4.2/node_modules/@types/flat-cache/index.d.ts'
[06:51:52.379] Adding entry into typings cache: 'flush-write-stream' => '/home/tony/.cache/typescript/4.2/node_modules/@types/flush-write-stream/index.d.ts'
[06:51:52.388] Adding entry into typings cache: 'follow-redirects' => '/home/tony/.cache/typescript/4.2/node_modules/@types/follow-redirects/index.d.ts'
[06:51:52.389] Adding entry into typings cache: 'forever-agent' => '/home/tony/.cache/typescript/4.2/node_modules/@types/forever-agent/index.d.ts'
[06:51:52.392] Adding entry into typings cache: 'forwarded' => '/home/tony/.cache/typescript/4.2/node_modules/@types/forwarded/index.d.ts'
[06:51:52.393] Adding entry into typings cache: 'fresh' => '/home/tony/.cache/typescript/4.2/node_modules/@types/fresh/index.d.ts'
[06:51:52.394] Adding entry into typings cache: 'from2' => '/home/tony/.cache/typescript/4.2/node_modules/@types/from2/index.d.ts'
[06:51:52.396] Adding entry into typings cache: 'fs-extra' => '/home/tony/.cache/typescript/4.2/node_modules/@types/fs-extra/index.d.ts'
[06:51:52.405] Adding entry into typings cache: 'function-bind' => '/home/tony/.cache/typescript/4.2/node_modules/@types/function-bind/index.d.ts'
[06:51:52.410] Adding entry into typings cache: 'get-caller-file' => '/home/tony/.cache/typescript/4.2/node_modules/@types/get-caller-file/index.d.ts'
[06:51:52.411] Adding entry into typings cache: 'get-intrinsic' => '/home/tony/.cache/typescript/4.2/node_modules/@types/get-intrinsic/index.d.ts'
[06:51:52.413] Adding entry into typings cache: 'get-value' => '/home/tony/.cache/typescript/4.2/node_modules/@types/get-value/index.d.ts'
[06:51:52.414] Adding entry into typings cache: 'getpass' => '/home/tony/.cache/typescript/4.2/node_modules/@types/getpass/index.d.ts'
[06:51:52.418] Adding entry into typings cache: 'glob' => '/home/tony/.cache/typescript/4.2/node_modules/@types/glob/index.d.ts'
[06:51:52.419] Adding entry into typings cache: 'glob-parent' => '/home/tony/.cache/typescript/4.2/node_modules/@types/glob-parent/index.d.ts'
[06:51:52.421] Adding entry into typings cache: 'global-modules' => '/home/tony/.cache/typescript/4.2/node_modules/@types/global-modules/index.d.ts'
[06:51:52.423] Adding entry into typings cache: 'global-prefix' => '/home/tony/.cache/typescript/4.2/node_modules/@types/global-prefix/index.d.ts'
[06:51:52.426] Adding entry into typings cache: 'graceful-fs' => '/home/tony/.cache/typescript/4.2/node_modules/@types/graceful-fs/index.d.ts'
[06:51:52.434] Adding entry into typings cache: 'has' => '/home/tony/.cache/typescript/4.2/node_modules/@types/has/index.d.ts'
[06:51:52.435] Adding entry into typings cache: 'has-symbols' => '/home/tony/.cache/typescript/4.2/node_modules/@types/has-symbols/index.d.ts'
[06:51:52.436] Adding entry into typings cache: 'he' => '/home/tony/.cache/typescript/4.2/node_modules/@types/he/index.d.ts'
[06:51:52.438] Adding entry into typings cache: 'hex-color-regex' => '/home/tony/.cache/typescript/4.2/node_modules/@types/hex-color-regex/index.d.ts'
[06:51:52.450] Adding entry into typings cache: 'hosted-git-info' => '/home/tony/.cache/typescript/4.2/node_modules/@types/hosted-git-info/index.d.ts'
[06:51:52.451] Adding entry into typings cache: 'html-encoding-sniffer' => '/home/tony/.cache/typescript/4.2/node_modules/@types/html-encoding-sniffer/index.d.ts'
[06:51:52.453] Adding entry into typings cache: 'html-escaper' => '/home/tony/.cache/typescript/4.2/node_modules/@types/html-escaper/index.d.ts'
[06:51:52.454] Adding entry into typings cache: 'html-minifier-terser' => '/home/tony/.cache/typescript/4.2/node_modules/@types/html-minifier-terser/index.d.ts'
[06:51:52.456] Adding entry into typings cache: 'htmlparser2' => '/home/tony/.cache/typescript/4.2/node_modules/@types/htmlparser2/index.d.ts'
[06:51:52.458] Adding entry into typings cache: 'http-errors' => '/home/tony/.cache/typescript/4.2/node_modules/@types/http-errors/index.d.ts'
[06:51:52.462] Adding entry into typings cache: 'http-proxy' => '/home/tony/.cache/typescript/4.2/node_modules/@types/http-proxy/index.d.ts'
[06:51:52.464] Adding entry into typings cache: 'http-proxy-middleware' => '/home/tony/.cache/typescript/4.2/node_modules/@types/http-proxy-middleware/index.d.ts'
[06:51:52.466] Adding entry into typings cache: 'icss-utils' => '/home/tony/.cache/typescript/4.2/node_modules/@types/icss-utils/index.d.ts'
[06:51:52.467] Adding entry into typings cache: 'iferr' => '/home/tony/.cache/typescript/4.2/node_modules/@types/iferr/index.d.ts'
[06:51:52.469] Adding entry into typings cache: 'imurmurhash' => '/home/tony/.cache/typescript/4.2/node_modules/@types/imurmurhash/index.d.ts'
[06:51:52.471] Adding entry into typings cache: 'inherits' => '/home/tony/.cache/typescript/4.2/node_modules/@types/inherits/index.d.ts'
[06:51:52.473] Adding entry into typings cache: 'ini' => '/home/tony/.cache/typescript/4.2/node_modules/@types/ini/index.d.ts'
[06:51:52.475] Adding entry into typings cache: 'internal-slot' => '/home/tony/.cache/typescript/4.2/node_modules/@types/internal-slot/index.d.ts'
[06:51:52.477] Adding entry into typings cache: 'ip' => '/home/tony/.cache/typescript/4.2/node_modules/@types/ip/index.d.ts'
[06:51:52.478] Adding entry into typings cache: 'is-arguments' => '/home/tony/.cache/typescript/4.2/node_modules/@types/is-arguments/index.d.ts'
[06:51:52.480] Adding entry into typings cache: 'is-buffer' => '/home/tony/.cache/typescript/4.2/node_modules/@types/is-buffer/index.d.ts'
[06:51:52.481] Adding entry into typings cache: 'is-callable' => '/home/tony/.cache/typescript/4.2/node_modules/@types/is-callable/index.d.ts'
[06:51:52.483] Adding entry into typings cache: 'is-ci' => '/home/tony/.cache/typescript/4.2/node_modules/@types/is-ci/index.d.ts'
[06:51:52.485] Adding entry into typings cache: 'is-core-module' => '/home/tony/.cache/typescript/4.2/node_modules/@types/is-core-module/index.d.ts'
[06:51:52.490] Adding entry into typings cache: 'is-date-object' => '/home/tony/.cache/typescript/4.2/node_modules/@types/is-date-object/index.d.ts'
[06:51:52.492] Adding entry into typings cache: 'is-glob' => '/home/tony/.cache/typescript/4.2/node_modules/@types/is-glob/index.d.ts'
[06:51:52.493] Adding entry into typings cache: 'is-number' => '/home/tony/.cache/typescript/4.2/node_modules/@types/is-number/index.d.ts'
[06:51:52.495] Adding entry into typings cache: 'is-regex' => '/home/tony/.cache/typescript/4.2/node_modules/@types/is-regex/index.d.ts'
[06:51:52.497] Adding entry into typings cache: 'is-typedarray' => '/home/tony/.cache/typescript/4.2/node_modules/@types/is-typedarray/index.d.ts'
[06:51:52.498] Adding entry into typings cache: 'is-windows' => '/home/tony/.cache/typescript/4.2/node_modules/@types/is-windows/index.d.ts'
[06:51:52.500] Adding entry into typings cache: 'isarray' => '/home/tony/.cache/typescript/4.2/node_modules/@types/isarray/index.d.ts'
[06:51:52.502] Adding entry into typings cache: 'isexe' => '/home/tony/.cache/typescript/4.2/node_modules/@types/isexe/index.d.ts'
[06:51:52.505] Adding entry into typings cache: 'isstream' => '/home/tony/.cache/typescript/4.2/node_modules/@types/isstream/index.d.ts'
[06:51:52.506] Adding entry into typings cache: 'istanbul-lib-coverage' => '/home/tony/.cache/typescript/4.2/node_modules/@types/istanbul-lib-coverage/index.d.ts'
[06:51:52.508] Adding entry into typings cache: 'istanbul-lib-instrument' => '/home/tony/.cache/typescript/4.2/node_modules/@types/istanbul-lib-instrument/index.d.ts'
[06:51:52.510] Adding entry into typings cache: 'istanbul-lib-report' => '/home/tony/.cache/typescript/4.2/node_modules/@types/istanbul-lib-report/index.d.ts'
[06:51:52.511] Adding entry into typings cache: 'istanbul-lib-source-maps' => '/home/tony/.cache/typescript/4.2/node_modules/@types/istanbul-lib-source-maps/index.d.ts'
[06:51:52.513] Adding entry into typings cache: 'istanbul-reports' => '/home/tony/.cache/typescript/4.2/node_modules/@types/istanbul-reports/index.d.ts'
[06:51:52.515] Adding entry into typings cache: 'js-yaml' => '/home/tony/.cache/typescript/4.2/node_modules/@types/js-yaml/index.d.ts'
[06:51:52.517] Adding entry into typings cache: 'jsbn' => '/home/tony/.cache/typescript/4.2/node_modules/@types/jsbn/index.d.ts'
[06:51:52.519] Adding entry into typings cache: 'jsdom' => '/home/tony/.cache/typescript/4.2/node_modules/@types/jsdom/index.d.ts'
[06:51:52.520] Adding entry into typings cache: 'jsesc' => '/home/tony/.cache/typescript/4.2/node_modules/@types/jsesc/index.d.ts'
[06:51:52.522] Adding entry into typings cache: 'json-parse-better-errors' => '/home/tony/.cache/typescript/4.2/node_modules/@types/json-parse-better-errors/index.d.ts'
[06:51:52.537] Adding entry into typings cache: 'json-schema' => '/home/tony/.cache/typescript/4.2/node_modules/@types/json-schema/index.d.ts'
[06:51:52.538] Adding entry into typings cache: 'json-stringify-safe' => '/home/tony/.cache/typescript/4.2/node_modules/@types/json-stringify-safe/index.d.ts'
[06:51:52.539] Adding entry into typings cache: 'json3' => '/home/tony/.cache/typescript/4.2/node_modules/@types/json3/index.d.ts'
[06:51:52.541] Adding entry into typings cache: 'jsonfile' => '/home/tony/.cache/typescript/4.2/node_modules/@types/jsonfile/index.d.ts'
[06:51:52.542] Adding entry into typings cache: 'kind-of' => '/home/tony/.cache/typescript/4.2/node_modules/@types/kind-of/index.d.ts'
[06:51:52.544] Adding entry into typings cache: 'language-tags' => '/home/tony/.cache/typescript/4.2/node_modules/@types/language-tags/index.d.ts'
[06:51:52.548] Adding entry into typings cache: 'node' => '/home/tony/.cache/typescript/4.2/node_modules/@types/node/index.d.ts'
[06:51:52.549] Adding entry into typings cache: 'object-assign' => '/home/tony/.cache/typescript/4.2/node_modules/@types/object-assign/index.d.ts'
[06:51:52.559] Adding entry into typings cache: 'react' => '/home/tony/.cache/typescript/4.2/node_modules/@types/react/index.d.ts'
[06:51:52.563] Adding entry into typings cache: 'react-dom' => '/home/tony/.cache/typescript/4.2/node_modules/@types/react-dom/index.d.ts'
[06:51:52.564] Adding entry into typings cache: 'scheduler' => '/home/tony/.cache/typescript/4.2/node_modules/@types/scheduler/index.d.ts'
[06:51:52.566] Adding entry into typings cache: 'testing-library__jest-dom' => '/home/tony/.cache/typescript/4.2/node_modules/@types/testing-library__jest-dom/index.d.ts'
[06:51:52.566] Finished processing cache location '/home/tony/.cache/typescript/4.2'
[06:51:52.567] Process id: 19571
[06:51:52.567] NPM location: /usr/bin/npm (explicit '--npmLocation' not  provided)
[06:51:52.567] validateDefaultNpmLocation: false
[06:51:52.567] Npm config file: /home/tony/.cache/typescript/4.2/package.json
[06:51:52.567] Updating types-registry npm package...
[06:51:52.567] Exec: /usr/bin/npm install --ignore-scripts types-registry@latest
[06:51:55.508]     Succeeded. stdout:
    
    up to date, audited 274 packages in 3s

4 packages are looking for funding
  run `npm fund` for details

found 0 vulnerabilities

[06:51:55.508] Updated types-registry npm package
[07:03:41.412] Got install request {"projectName":"/dev/null/inferredProject1*","fileNames":[],"compilerOptions":{"module":1,"target":3,"jsx":1,"allowJs":true,"allowSyntheticDefaultImports":true,"allowNonTsExtensions":true,"noEmitForJsFiles":true},"typeAcquisition":{"enable":true,"include":[],"exclude":[]},"unresolvedImports":[],"projectRootPath":"/home/tony/Documents/react/kadet-e-learning/src/components","kind":"discover"}
[07:03:41.488] Loaded safelist from types map file '/home/tony/Documents/react/kadet-e-learning/node_modules/typescript/lib/typesMap.json'
[07:03:41.489] Explicitly included types: []
[07:03:41.491] Inferred typings from unresolved imports: []
[07:03:41.492] Result: {"cachedTypingPaths":[],"newTypingNames":[],"filesToWatch":["/home/tony/Documents/react/kadet-e-learning/src/components/bower_components","/home/tony/Documents/react/kadet-e-learning/src/components/node_modules"]}
[07:03:41.493] Finished typings discovery: {"cachedTypingPaths":[],"newTypingNames":[],"filesToWatch":["/home/tony/Documents/react/kadet-e-learning/src/components/bower_components","/home/tony/Documents/react/kadet-e-learning/src/components/node_modules"]}
[07:03:41.494] DirectoryWatcher:: Added:: WatchInfo: /home/tony/Documents/react/kadet-e-learning/src/components/bower_components
[07:03:41.496] DirectoryWatcher:: Added:: WatchInfo: /home/tony/Documents/react/kadet-e-learning/src/components/bower_components 1 undefined Project: /dev/null/inferredProject1* watcher already invoked: false
[07:03:41.507] Elapsed:: 10.274091999977827ms DirectoryWatcher:: Added:: WatchInfo: /home/tony/Documents/react/kadet-e-learning/src/components/bower_components 1 undefined Project: /dev/null/inferredProject1* watcher already invoked: false
[07:03:41.507] DirectoryWatcher:: Added:: WatchInfo: /home/tony/Documents/react/kadet-e-learning/src/components/node_modules
[07:03:41.507] DirectoryWatcher:: Added:: WatchInfo: /home/tony/Documents/react/kadet-e-learning/src/components/node_modules 1 undefined Project: /dev/null/inferredProject1* watcher already invoked: false
[07:03:41.508] Elapsed:: 0.3425000002607703ms DirectoryWatcher:: Added:: WatchInfo: /home/tony/Documents/react/kadet-e-learning/src/components/node_modules 1 undefined Project: /dev/null/inferredProject1* watcher already invoked: false
[07:03:41.508] Sending response:
    {"projectName":"/dev/null/inferredProject1*","typeAcquisition":{"enable":true,"include":[],"exclude":[]},"compilerOptions":{"module":1,"target":3,"jsx":1,"allowJs":true,"allowSyntheticDefaultImports":true,"allowNonTsExtensions":true,"noEmitForJsFiles":true},"typings":[],"unresolvedImports":[],"kind":"action::set"}
[07:03:41.509] Response has been sent.
[07:03:41.509] No new typings were requested as a result of typings discovery
